{"level":"info","message":"Running on Node.js - Version 24.14.1","timestamp":"2026-04-09 00:13:11"}
{"level":"info","message":"Foundry Virtual Tabletop - Version 14 Build 359","timestamp":"2026-04-09 00:13:11"}
{"level":"info","message":"User Data Directory - \"/home/foundry/data\"","timestamp":"2026-04-09 00:13:11"}
{"level":"info","message":"Application Options:\n{\n  \"compressStatic\": true,\n  \"fullscreen\": false,\n  \"hostname\": null,\n  \"language\": \"en.core\",\n  \"localHostname\": null,\n  \"port\": 30000,\n  \"proxyPort\": null,\n  \"proxySSL\": false,\n  \"routePrefix\": null,\n  \"updateChannel\": \"stable\",\n  \"upnp\": true,\n  \"awsConfig\": null,\n  \"compressSocket\": true,\n  \"cssTheme\": \"dark\",\n  \"tempDir\": null,\n  \"deleteNEDB\": false,\n  \"hotReload\": false,\n  \"passwordSalt\": null,\n  \"adminPassword\": \"••••••••••••••••\",\n  \"unixSocket\": null,\n  \"sslCert\": null,\n  \"sslKey\": null,\n  \"world\": null,\n  \"serviceConfig\": null,\n  \"telemetry\": false,\n  \"noBackups\": false\n}","timestamp":"2026-04-09 00:13:11"}
{"level":"info","message":"Software license verification succeeded","timestamp":"2026-04-09 00:13:11"}
{"level":"info","message":"Requesting UPnP port forwarding to destination port 30000","timestamp":"2026-04-09 00:13:11"}
{"level":"info","message":"Server started and listening on port 30000","timestamp":"2026-04-09 00:13:14"}
{"level":"info","message":"Created client session 22f9ed3298e20e351f010f1c","timestamp":"2026-04-09 00:13:32"}
{"ip":"::1","level":"warn","message":"Administrator authentication failed for session 22f9ed3298e20e351f010f1c; invalid password","status":403,"timestamp":"2026-04-09 00:13:54"}
{"ip":"::ffff:127.0.0.1","level":"warn","message":"Administrator authentication failed for session 22f9ed3298e20e351f010f1c; invalid password","status":403,"timestamp":"2026-04-09 00:14:08"}
{"level":"info","message":"Administrator authentication successful for session 22f9ed3298e20e351f010f1c","timestamp":"2026-04-09 00:14:53"}
{"level":"info","message":"Connected to database \"effects\"","timestamp":"2026-04-09 00:15:02"}
{"level":"info","message":"Launching World | Loading World Data - 7%","timestamp":"2026-04-09 00:15:02"}
{"level":"info","message":"Connected to database \"actors\"","timestamp":"2026-04-09 00:15:02"}
{"level":"info","message":"Launching World | Loading World Data - 13%","timestamp":"2026-04-09 00:15:02"}
{"level":"info","message":"Connected to database \"cards\"","timestamp":"2026-04-09 00:15:02"}
{"level":"info","message":"Launching World | Loading World Data - 20%","timestamp":"2026-04-09 00:15:02"}
{"level":"info","message":"Connected to database \"messages\"","timestamp":"2026-04-09 00:15:02"}
{"level":"info","message":"Launching World | Loading World Data - 27%","timestamp":"2026-04-09 00:15:02"}
{"level":"info","message":"Connected to database \"combats\"","timestamp":"2026-04-09 00:15:02"}
{"level":"info","message":"Launching World | Loading World Data - 33%","timestamp":"2026-04-09 00:15:02"}
{"level":"info","message":"Connected to database \"fog\"","timestamp":"2026-04-09 00:15:02"}
{"level":"info","message":"Launching World | Loading World Data - 40%","timestamp":"2026-04-09 00:15:02"}
{"level":"info","message":"Connected to database \"folders\"","timestamp":"2026-04-09 00:15:02"}
{"level":"info","message":"Launching World | Loading World Data - 47%","timestamp":"2026-04-09 00:15:02"}
{"level":"info","message":"Connected to database \"items\"","timestamp":"2026-04-09 00:15:02"}
{"level":"info","message":"Launching World | Loading World Data - 53%","timestamp":"2026-04-09 00:15:02"}
{"level":"info","message":"Connected to database \"journal\"","timestamp":"2026-04-09 00:15:02"}
{"level":"info","message":"Launching World | Loading World Data - 60%","timestamp":"2026-04-09 00:15:02"}
{"level":"info","message":"Connected to database \"macros\"","timestamp":"2026-04-09 00:15:02"}
{"level":"info","message":"Launching World | Loading World Data - 67%","timestamp":"2026-04-09 00:15:02"}
{"level":"info","message":"Connected to database \"playlists\"","timestamp":"2026-04-09 00:15:02"}
{"level":"info","message":"Launching World | Loading World Data - 73%","timestamp":"2026-04-09 00:15:02"}
{"level":"info","message":"Connected to database \"tables\"","timestamp":"2026-04-09 00:15:02"}
{"level":"info","message":"Launching World | Loading World Data - 80%","timestamp":"2026-04-09 00:15:02"}
{"level":"info","message":"Connected to database \"scenes\"","timestamp":"2026-04-09 00:15:02"}
{"level":"info","message":"Launching World | Loading World Data - 87%","timestamp":"2026-04-09 00:15:02"}
{"level":"info","message":"Connected to database \"settings\"","timestamp":"2026-04-09 00:15:02"}
{"level":"info","message":"Launching World | Loading World Data - 93%","timestamp":"2026-04-09 00:15:02"}
{"level":"info","message":"Connected to database \"users\"","timestamp":"2026-04-09 00:15:02"}
{"level":"info","message":"Launching World | Loading World Data - 100%","timestamp":"2026-04-09 00:15:02"}
{"level":"info","message":"Launching World | Migrating World Data - 7%","timestamp":"2026-04-09 00:15:02"}
{"level":"info","message":"Launching World | Migrating World Data - 13%","timestamp":"2026-04-09 00:15:02"}
{"level":"info","message":"Launching World | Migrating World Data - 20%","timestamp":"2026-04-09 00:15:02"}
{"level":"info","message":"Launching World | Migrating World Data - 27%","timestamp":"2026-04-09 00:15:02"}
{"level":"info","message":"Launching World | Migrating World Data - 33%","timestamp":"2026-04-09 00:15:02"}
{"level":"info","message":"Launching World | Migrating World Data - 40%","timestamp":"2026-04-09 00:15:02"}
{"level":"info","message":"Launching World | Migrating World Data - 47%","timestamp":"2026-04-09 00:15:02"}
{"level":"info","message":"Launching World | Migrating World Data - 53%","timestamp":"2026-04-09 00:15:02"}
{"level":"info","message":"Launching World | Migrating World Data - 60%","timestamp":"2026-04-09 00:15:02"}
{"level":"info","message":"Launching World | Migrating World Data - 67%","timestamp":"2026-04-09 00:15:02"}
{"level":"info","message":"Launching World | Migrating World Data - 73%","timestamp":"2026-04-09 00:15:02"}
{"level":"info","message":"Launching World | Migrating World Data - 80%","timestamp":"2026-04-09 00:15:02"}
{"level":"info","message":"Launching World | Migrating World Data - 87%","timestamp":"2026-04-09 00:15:02"}
{"level":"info","message":"Launching World | Migrating World Data - 93%","timestamp":"2026-04-09 00:15:02"}
{"level":"info","message":"Launching World | Migrating World Data - 100%","timestamp":"2026-04-09 00:15:02"}
{"level":"info","message":"Connected to database \"world.ddb-cos-ddb-tables\"","timestamp":"2026-04-09 00:15:02"}
{"level":"info","message":"Launching World | Loading Package Data - 2%","timestamp":"2026-04-09 00:15:02"}
{"level":"info","message":"Connected to database \"world.ddb-cos-ddb-adventures\"","timestamp":"2026-04-09 00:15:02"}
{"level":"info","message":"Launching World | Loading Package Data - 5%","timestamp":"2026-04-09 00:15:02"}
{"level":"info","message":"Connected to database \"world.ddb-cos-ddb-backgrounds\"","timestamp":"2026-04-09 00:15:02"}
{"level":"info","message":"Launching World | Loading Package Data - 7%","timestamp":"2026-04-09 00:15:02"}
{"level":"info","message":"Connected to database \"world.ddb-cos-ddb-classes\"","timestamp":"2026-04-09 00:15:02"}
{"level":"info","message":"Launching World | Loading Package Data - 10%","timestamp":"2026-04-09 00:15:02"}
{"level":"info","message":"Connected to database \"world.ddb-cos-ddb-subclasses\"","timestamp":"2026-04-09 00:15:02"}
{"level":"info","message":"Launching World | Loading Package Data - 12%","timestamp":"2026-04-09 00:15:02"}
{"level":"info","message":"Connected to database \"world.ddb-cos-ddb-class-features\"","timestamp":"2026-04-09 00:15:02"}
{"level":"info","message":"Launching World | Loading Package Data - 15%","timestamp":"2026-04-09 00:15:02"}
{"level":"info","message":"Connected to database \"world.ddb-cos-ddb-feats\"","timestamp":"2026-04-09 00:15:03"}
{"level":"info","message":"Launching World | Loading Package Data - 17%","timestamp":"2026-04-09 00:15:03"}
{"level":"info","message":"Connected to database \"world.ddb-cos-ddb-items\"","timestamp":"2026-04-09 00:15:03"}
{"level":"info","message":"Launching World | Loading Package Data - 20%","timestamp":"2026-04-09 00:15:03"}
{"level":"info","message":"Connected to database \"world.ddb-cos-ddb-monsters\"","timestamp":"2026-04-09 00:15:03"}
{"level":"info","message":"Launching World | Loading Package Data - 22%","timestamp":"2026-04-09 00:15:03"}
{"level":"info","message":"Connected to database \"world.ddb-cos-ddb-vehicles\"","timestamp":"2026-04-09 00:15:03"}
{"level":"info","message":"Launching World | Loading Package Data - 24%","timestamp":"2026-04-09 00:15:03"}
{"level":"info","message":"Connected to database \"world.ddb-cos-ddb-races\"","timestamp":"2026-04-09 00:15:03"}
{"level":"info","message":"Launching World | Loading Package Data - 27%","timestamp":"2026-04-09 00:15:03"}
{"level":"info","message":"Connected to database \"world.ddb-cos-ddb-racial-traits\"","timestamp":"2026-04-09 00:15:03"}
{"level":"info","message":"Launching World | Loading Package Data - 29%","timestamp":"2026-04-09 00:15:03"}
{"level":"info","message":"Connected to database \"world.ddb-cos-ddb-spells\"","timestamp":"2026-04-09 00:15:03"}
{"level":"info","message":"Launching World | Loading Package Data - 32%","timestamp":"2026-04-09 00:15:03"}
{"level":"info","message":"Connected to database \"world.ddb-cos-ddb-override\"","timestamp":"2026-04-09 00:15:03"}
{"level":"info","message":"Launching World | Loading Package Data - 34%","timestamp":"2026-04-09 00:15:03"}
{"level":"info","message":"Connected to database \"world.ddb-cos-ddb-species\"","timestamp":"2026-04-09 00:15:03"}
{"level":"info","message":"Launching World | Loading Package Data - 37%","timestamp":"2026-04-09 00:15:03"}
{"level":"info","message":"Connected to database \"world.ddb-cos-ddb-journals\"","timestamp":"2026-04-09 00:15:03"}
{"level":"info","message":"Launching World | Loading Package Data - 39%","timestamp":"2026-04-09 00:15:03"}
{"level":"info","message":"Connected to database \"world.ddb-cos-ddb-summons\"","timestamp":"2026-04-09 00:15:03"}
{"level":"info","message":"Launching World | Loading Package Data - 41%","timestamp":"2026-04-09 00:15:03"}
{"level":"info","message":"Connected to database \"dnd5e.heroes\"","timestamp":"2026-04-09 00:15:03"}
{"level":"info","message":"Launching World | Loading Package Data - 44%","timestamp":"2026-04-09 00:15:03"}
{"level":"info","message":"Connected to database \"dnd5e.monsters\"","timestamp":"2026-04-09 00:15:03"}
{"level":"info","message":"Launching World | Loading Package Data - 46%","timestamp":"2026-04-09 00:15:03"}
{"level":"info","message":"Connected to database \"dnd5e.items\"","timestamp":"2026-04-09 00:15:03"}
{"level":"info","message":"Launching World | Loading Package Data - 49%","timestamp":"2026-04-09 00:15:03"}
{"level":"info","message":"Connected to database \"dnd5e.tradegoods\"","timestamp":"2026-04-09 00:15:03"}
{"level":"info","message":"Launching World | Loading Package Data - 51%","timestamp":"2026-04-09 00:15:03"}
{"level":"info","message":"Connected to database \"dnd5e.spells\"","timestamp":"2026-04-09 00:15:03"}
{"level":"info","message":"Launching World | Loading Package Data - 54%","timestamp":"2026-04-09 00:15:03"}
{"level":"info","message":"Connected to database \"dnd5e.backgrounds\"","timestamp":"2026-04-09 00:15:03"}
{"level":"info","message":"Launching World | Loading Package Data - 56%","timestamp":"2026-04-09 00:15:03"}
{"level":"info","message":"Connected to database \"dnd5e.classes\"","timestamp":"2026-04-09 00:15:03"}
{"level":"info","message":"Launching World | Loading Package Data - 59%","timestamp":"2026-04-09 00:15:03"}
{"level":"info","message":"Connected to database \"dnd5e.subclasses\"","timestamp":"2026-04-09 00:15:03"}
{"level":"info","message":"Launching World | Loading Package Data - 61%","timestamp":"2026-04-09 00:15:03"}
{"level":"info","message":"Connected to database \"dnd5e.classfeatures\"","timestamp":"2026-04-09 00:15:03"}
{"level":"info","message":"Launching World | Loading Package Data - 63%","timestamp":"2026-04-09 00:15:03"}
{"level":"info","message":"Connected to database \"dnd5e.races\"","timestamp":"2026-04-09 00:15:03"}
{"level":"info","message":"Launching World | Loading Package Data - 66%","timestamp":"2026-04-09 00:15:03"}
{"level":"info","message":"Connected to database \"dnd5e.monsterfeatures\"","timestamp":"2026-04-09 00:15:03"}
{"level":"info","message":"Launching World | Loading Package Data - 68%","timestamp":"2026-04-09 00:15:03"}
{"level":"info","message":"Connected to database \"dnd5e.rules\"","timestamp":"2026-04-09 00:15:03"}
{"level":"info","message":"Launching World | Loading Package Data - 71%","timestamp":"2026-04-09 00:15:03"}
{"level":"info","message":"Connected to database \"dnd5e.tables\"","timestamp":"2026-04-09 00:15:03"}
{"level":"info","message":"Launching World | Loading Package Data - 73%","timestamp":"2026-04-09 00:15:03"}
{"level":"info","message":"Connected to database \"dnd5e.content24\"","timestamp":"2026-04-09 00:15:03"}
{"level":"info","message":"Launching World | Loading Package Data - 76%","timestamp":"2026-04-09 00:15:03"}
{"level":"info","message":"Connected to database \"dnd5e.classes24\"","timestamp":"2026-04-09 00:15:03"}
{"level":"info","message":"Launching World | Loading Package Data - 78%","timestamp":"2026-04-09 00:15:03"}
{"level":"info","message":"Connected to database \"dnd5e.origins24\"","timestamp":"2026-04-09 00:15:03"}
{"level":"info","message":"Launching World | Loading Package Data - 80%","timestamp":"2026-04-09 00:15:03"}
{"level":"info","message":"Connected to database \"dnd5e.feats24\"","timestamp":"2026-04-09 00:15:03"}
{"level":"info","message":"Launching World | Loading Package Data - 83%","timestamp":"2026-04-09 00:15:03"}
{"level":"info","message":"Connected to database \"dnd5e.spells24\"","timestamp":"2026-04-09 00:15:03"}
{"level":"info","message":"Launching World | Loading Package Data - 85%","timestamp":"2026-04-09 00:15:03"}
{"level":"info","message":"Connected to database \"dnd5e.equipment24\"","timestamp":"2026-04-09 00:15:03"}
{"level":"info","message":"Launching World | Loading Package Data - 88%","timestamp":"2026-04-09 00:15:03"}
{"level":"info","message":"Connected to database \"dnd5e.tables24\"","timestamp":"2026-04-09 00:15:03"}
{"level":"info","message":"Launching World | Loading Package Data - 90%","timestamp":"2026-04-09 00:15:03"}
{"level":"info","message":"Connected to database \"dnd5e.actors24\"","timestamp":"2026-04-09 00:15:03"}
{"level":"info","message":"Launching World | Loading Package Data - 93%","timestamp":"2026-04-09 00:15:03"}
{"level":"info","message":"Connected to database \"dnd5e.monsterfeatures24\"","timestamp":"2026-04-09 00:15:03"}
{"level":"info","message":"Launching World | Loading Package Data - 95%","timestamp":"2026-04-09 00:15:03"}
{"level":"info","message":"Connected to database \"fxmaster.fxmaster\"","timestamp":"2026-04-09 00:15:03"}
{"level":"info","message":"Launching World | Loading Package Data - 98%","timestamp":"2026-04-09 00:15:03"}
{"level":"info","message":"Connected to database \"pdf-pager.macros\"","timestamp":"2026-04-09 00:15:03"}
{"level":"info","message":"Launching World | Loading Package Data - 100%","timestamp":"2026-04-09 00:15:03"}
{"level":"info","message":"Created 0 Folder documents with ids: []","timestamp":"2026-04-09 00:15:03"}
{"level":"info","message":"Launching World | Migrating Package Data - 2%","timestamp":"2026-04-09 00:15:03"}
{"level":"info","message":"Launching World | Migrating Package Data - 5%","timestamp":"2026-04-09 00:15:03"}
{"level":"info","message":"Launching World | Migrating Package Data - 7%","timestamp":"2026-04-09 00:15:03"}
{"level":"info","message":"Launching World | Migrating Package Data - 10%","timestamp":"2026-04-09 00:15:03"}
{"level":"info","message":"Launching World | Migrating Package Data - 12%","timestamp":"2026-04-09 00:15:03"}
{"level":"info","message":"Launching World | Migrating Package Data - 15%","timestamp":"2026-04-09 00:15:03"}
{"level":"info","message":"Launching World | Migrating Package Data - 17%","timestamp":"2026-04-09 00:15:03"}
{"level":"info","message":"Launching World | Migrating Package Data - 20%","timestamp":"2026-04-09 00:15:03"}
{"level":"info","message":"Launching World | Migrating Package Data - 22%","timestamp":"2026-04-09 00:15:03"}
{"level":"info","message":"Launching World | Migrating Package Data - 24%","timestamp":"2026-04-09 00:15:03"}
{"level":"info","message":"Launching World | Migrating Package Data - 27%","timestamp":"2026-04-09 00:15:03"}
{"level":"info","message":"Launching World | Migrating Package Data - 29%","timestamp":"2026-04-09 00:15:03"}
{"level":"info","message":"Launching World | Migrating Package Data - 32%","timestamp":"2026-04-09 00:15:03"}
{"level":"info","message":"Launching World | Migrating Package Data - 34%","timestamp":"2026-04-09 00:15:03"}
{"level":"info","message":"Launching World | Migrating Package Data - 37%","timestamp":"2026-04-09 00:15:03"}
{"level":"info","message":"Launching World | Migrating Package Data - 39%","timestamp":"2026-04-09 00:15:03"}
{"level":"info","message":"Launching World | Migrating Package Data - 41%","timestamp":"2026-04-09 00:15:03"}
{"level":"info","message":"Launching World | Migrating Package Data - 44%","timestamp":"2026-04-09 00:15:03"}
{"level":"info","message":"Launching World | Migrating Package Data - 46%","timestamp":"2026-04-09 00:15:03"}
{"level":"info","message":"Launching World | Migrating Package Data - 49%","timestamp":"2026-04-09 00:15:03"}
{"level":"info","message":"Launching World | Migrating Package Data - 51%","timestamp":"2026-04-09 00:15:03"}
{"level":"info","message":"Launching World | Migrating Package Data - 54%","timestamp":"2026-04-09 00:15:03"}
{"level":"info","message":"Launching World | Migrating Package Data - 56%","timestamp":"2026-04-09 00:15:03"}
{"level":"info","message":"Launching World | Migrating Package Data - 59%","timestamp":"2026-04-09 00:15:03"}
{"level":"info","message":"Launching World | Migrating Package Data - 61%","timestamp":"2026-04-09 00:15:03"}
{"level":"info","message":"Launching World | Migrating Package Data - 63%","timestamp":"2026-04-09 00:15:03"}
{"level":"info","message":"Launching World | Migrating Package Data - 66%","timestamp":"2026-04-09 00:15:03"}
{"level":"info","message":"Launching World | Migrating Package Data - 68%","timestamp":"2026-04-09 00:15:03"}
{"level":"info","message":"Launching World | Migrating Package Data - 71%","timestamp":"2026-04-09 00:15:03"}
{"level":"info","message":"Launching World | Migrating Package Data - 73%","timestamp":"2026-04-09 00:15:03"}
{"level":"info","message":"Launching World | Migrating Package Data - 76%","timestamp":"2026-04-09 00:15:03"}
{"level":"info","message":"Launching World | Migrating Package Data - 78%","timestamp":"2026-04-09 00:15:03"}
{"level":"info","message":"Launching World | Migrating Package Data - 80%","timestamp":"2026-04-09 00:15:03"}
{"level":"info","message":"Launching World | Migrating Package Data - 83%","timestamp":"2026-04-09 00:15:03"}
{"level":"info","message":"Launching World | Migrating Package Data - 85%","timestamp":"2026-04-09 00:15:03"}
{"level":"info","message":"Launching World | Migrating Package Data - 88%","timestamp":"2026-04-09 00:15:03"}
{"level":"info","message":"Launching World | Migrating Package Data - 90%","timestamp":"2026-04-09 00:15:03"}
{"level":"info","message":"Launching World | Migrating Package Data - 93%","timestamp":"2026-04-09 00:15:03"}
{"level":"info","message":"Launching World | Migrating Package Data - 95%","timestamp":"2026-04-09 00:15:03"}
{"level":"info","message":"Launching World | Migrating Package Data - 98%","timestamp":"2026-04-09 00:15:03"}
{"level":"info","message":"Launching World | Migrating Package Data - 100%","timestamp":"2026-04-09 00:15:03"}
{"level":"info","message":"Launching World | Complete","timestamp":"2026-04-09 00:15:03"}
{"ip":"::ffff:127.0.0.1","level":"info","message":"User authentication successful for user Gamemaster","session":"22f9ed3298e20e351f010f1c","timestamp":"2026-04-09 00:15:10"}
{"level":"info","message":"No system update for Dungeons & Dragons Fifth Edition is currently available.","timestamp":"2026-04-09 00:15:12"}
{"level":"info","message":"Vended World data to User [YzL2W1htQr2gHsBA] in 491ms","timestamp":"2026-04-09 00:15:12"}
{"level":"info","message":"Created client session bae03fd17032d4528018ffb1","timestamp":"2026-04-09 00:40:41"}
{"level":"info","message":"Created client session 7bf9c00ff9d0b52fb55e7909","timestamp":"2026-04-09 00:43:20"}
{"level":"info","message":"No system update for Dungeons & Dragons Fifth Edition is currently available.","timestamp":"2026-04-09 00:55:42"}
{"level":"info","message":"Vended World data to User [YzL2W1htQr2gHsBA] in 576ms","timestamp":"2026-04-09 00:55:42"}
{"level":"info","message":"Created client session bb97941450858e28d0280860","timestamp":"2026-04-09 00:58:26"}
{"level":"info","message":"Created client session b1be47f83bd5916fe3c3346d","timestamp":"2026-04-09 00:58:26"}
{"level":"info","message":"Created client session a8b7760ac68edef8af26e9b9","timestamp":"2026-04-09 00:58:26"}
{"level":"info","message":"Created client session f872ffd00257d66156d71b88","timestamp":"2026-04-09 01:02:00"}
{"level":"info","message":"Created client session b2bb1c6b09ab15b3b65675de","timestamp":"2026-04-09 01:15:59"}
{"level":"info","message":"Created client session ac1cd7f6f8f63128f0a1b043","timestamp":"2026-04-09 01:15:59"}
{"level":"info","message":"Created client session d9387a3fdf533b50f5fa9d8f","timestamp":"2026-04-09 01:16:17"}
{"level":"info","message":"Created client session 1ce7cf03c3c2f4e60302096d","timestamp":"2026-04-09 01:16:17"}
{"level":"info","message":"Created client session a6384d0f2fa5c890fd2f042e","timestamp":"2026-04-09 01:26:39"}
{"level":"info","message":"Created client session 9c425c4fcd26074a4179ee6a","timestamp":"2026-04-09 01:27:12"}
{"level":"info","message":"Created client session 9930abbf0743eefc0994d2cd","timestamp":"2026-04-09 01:27:12"}
{"level":"info","message":"Created client session dbc27893efb30f235ad0d485","timestamp":"2026-04-09 01:27:12"}
{"level":"info","message":"Created client session 942a51cc8e3001ac870cbb67","timestamp":"2026-04-09 01:27:14"}
{"level":"info","message":"Created client session 7c6feb3abb287569f47d8b81","timestamp":"2026-04-09 01:27:15"}
{"level":"info","message":"Created client session e5d3c1a72db016623e2491f4","timestamp":"2026-04-09 01:27:15"}
{"level":"info","message":"Created client session 7fe532494bc72fb4294bbf10","timestamp":"2026-04-09 01:27:15"}
{"level":"info","message":"Created client session 0c16d70b5340b52ee4f4fd6d","timestamp":"2026-04-09 01:27:15"}
{"level":"info","message":"Created client session 0b0c9d30d49f782be0766540","timestamp":"2026-04-09 01:27:23"}
{"level":"info","message":"Created client session ca80b1bf677d2c112d3be724","timestamp":"2026-04-09 01:27:27"}
{"level":"info","message":"Created client session 8152603d94591a5d1c7de6fc","timestamp":"2026-04-09 01:27:27"}
{"level":"info","message":"Created client session c679fd675ee85cd9bf6c0ae8","timestamp":"2026-04-09 01:27:27"}
{"level":"info","message":"Created client session 1a6dd0fb6b6affd6f0263d5f","timestamp":"2026-04-09 01:27:27"}
{"level":"info","message":"Created client session e99f7fafd0ea58fc88d59b11","timestamp":"2026-04-09 01:27:27"}
{"level":"info","message":"Created client session a571585806b8d8226b221516","timestamp":"2026-04-09 01:27:29"}
{"level":"info","message":"Created client session 79ed024169b8c8354f627699","timestamp":"2026-04-09 01:27:30"}
{"level":"info","message":"Created client session f32b4b885a616faf86f56739","timestamp":"2026-04-09 01:27:30"}
{"level":"info","message":"Created client session 75d551487b19d934788971eb","timestamp":"2026-04-09 01:27:31"}
{"level":"info","message":"Created client session 7d4f8bff491602cc32206e59","timestamp":"2026-04-09 01:27:31"}
{"level":"info","message":"Created client session 1c03d2535b200cf893254ff9","timestamp":"2026-04-09 01:27:31"}
{"level":"info","message":"Created client session 7d2bf46dd4932342759a6fcb","timestamp":"2026-04-09 01:27:33"}
{"level":"info","message":"Created client session 9a2416367008fe89203433ca","timestamp":"2026-04-09 01:27:36"}
{"level":"info","message":"Created client session 895f531a6218f75dcd627c7e","timestamp":"2026-04-09 01:27:36"}
{"level":"info","message":"Created client session b2fb5953dc7f87a976432143","timestamp":"2026-04-09 01:27:37"}
{"level":"info","message":"Created client session 8eba716795c195f5117521ed","timestamp":"2026-04-09 01:27:38"}
{"level":"info","message":"Created client session eb33095db0f2e3fc35720791","timestamp":"2026-04-09 01:27:38"}
{"level":"info","message":"Created client session f889a7e95d91617687992740","timestamp":"2026-04-09 01:27:38"}
{"level":"info","message":"Created client session 78c0d15f4ac7940d35964f3c","timestamp":"2026-04-09 01:27:38"}
{"level":"info","message":"Created client session 75de39b4b3cd05a2227fbc3d","timestamp":"2026-04-09 01:27:38"}
{"level":"info","message":"Created client session 488bde8f6e3168eacb43f121","timestamp":"2026-04-09 01:27:39"}
{"level":"info","message":"Created client session d032ce093f76eec971ddd858","timestamp":"2026-04-09 01:27:39"}
{"level":"info","message":"Created client session 1874760b4089df94dba80f32","timestamp":"2026-04-09 01:27:40"}
{"level":"info","message":"Created client session 57fb54b59829c4b6f84748ea","timestamp":"2026-04-09 01:27:40"}
{"level":"info","message":"Created client session 1fceb899d69859b99e8fa748","timestamp":"2026-04-09 01:27:40"}
{"level":"info","message":"Created client session 411a6db636bcfc62fdc64a7b","timestamp":"2026-04-09 01:27:41"}
{"level":"info","message":"Created client session b43aa96885862eaba2eb3048","timestamp":"2026-04-09 01:27:41"}
{"level":"info","message":"Created client session 1008e9a414a9fd5bf5e59420","timestamp":"2026-04-09 01:27:41"}
{"level":"info","message":"Created client session 472c9e8f16e6fb29a4bfbdd7","timestamp":"2026-04-09 01:27:41"}
{"level":"info","message":"Created client session 8ed71f5deb46d25fab22ef71","timestamp":"2026-04-09 01:27:42"}
{"level":"info","message":"Created client session 17115969d3202e437435c075","timestamp":"2026-04-09 01:27:43"}
{"level":"info","message":"Created client session 2a3910183644332cb36f820b","timestamp":"2026-04-09 01:27:43"}
{"level":"info","message":"Created client session 55380cb7e2b41ae74cf7a5b7","timestamp":"2026-04-09 01:27:43"}
{"level":"info","message":"Created client session a812479552024c5147391d87","timestamp":"2026-04-09 01:27:44"}
{"level":"info","message":"Created client session d8af552295e20ca0f43b183d","timestamp":"2026-04-09 01:27:45"}
{"level":"info","message":"Created client session 24562e69b7278693668aad25","timestamp":"2026-04-09 01:28:05"}
{"level":"info","message":"Created client session 0541df07edf2c5cb67552dcd","timestamp":"2026-04-09 01:35:30"}
{"level":"info","message":"Created client session c9e32ee8d1f2344d7a61e9e0","timestamp":"2026-04-09 01:35:31"}
{"level":"info","message":"Created client session 45b31f35f81c568d534b3c36","timestamp":"2026-04-09 01:53:12"}
{"level":"info","message":"Created client session 07da087ddca0bd14ea81641b","timestamp":"2026-04-09 01:58:40"}
{"level":"info","message":"Created client session cc28562f06d4b7fa156638e1","timestamp":"2026-04-09 02:00:41"}
{"level":"info","message":"Created client session f42351ce068b38a990d93a4d","timestamp":"2026-04-09 02:03:45"}
{"level":"info","message":"Created client session 1ea8a9dbe3e8ff78741931b6","timestamp":"2026-04-09 02:16:09"}
{"level":"info","message":"Created client session c50470418f3180b3dfc2fd37","timestamp":"2026-04-09 02:16:46"}
{"level":"info","message":"Created client session f6d57ae4c6b4d8caad7bf1d3","timestamp":"2026-04-09 02:16:47"}
{"level":"info","message":"Created client session fd0fae7495e631702122f36f","timestamp":"2026-04-09 02:29:07"}
{"level":"info","message":"Created client session 0c65001d51aebc595d6c97d4","timestamp":"2026-04-09 03:07:58"}
{"level":"info","message":"Created client session d2a8c1dc544602fe095209d0","timestamp":"2026-04-09 03:53:52"}
{"level":"info","message":"Created client session a38be4871281c933ea196e21","timestamp":"2026-04-09 03:56:26"}
{"level":"info","message":"Created client session c22995f7ce9f8b08b34e11d0","timestamp":"2026-04-09 03:56:30"}
{"level":"info","message":"Created client session f4d2f14956db633a354ed397","timestamp":"2026-04-09 03:56:31"}
{"level":"info","message":"Created client session 62ba19891f54d1822465abe0","timestamp":"2026-04-09 04:13:33"}
{"level":"info","message":"Created client session 96542c186da4129abaefa380","timestamp":"2026-04-09 04:49:31"}
{"level":"info","message":"Created client session afe0f71efc8ea7bffb1b19c4","timestamp":"2026-04-09 04:49:33"}
{"level":"info","message":"Created client session 8e3d54a1f3db66a72d1ec6f6","timestamp":"2026-04-09 04:50:39"}
{"level":"info","message":"Created client session a718f277d5c17ba233471b8d","timestamp":"2026-04-09 04:50:39"}
{"level":"info","message":"Created client session d12043f18b9c311a9254898c","timestamp":"2026-04-09 04:51:01"}
{"level":"info","message":"Created client session ce6b041b20ffe9acd97ab243","timestamp":"2026-04-09 04:51:01"}
{"level":"info","message":"Created client session c05efbd2668331107e0afb89","timestamp":"2026-04-09 05:00:40"}
{"level":"info","message":"Created client session 4c306704016b3fa44fe60d69","timestamp":"2026-04-09 05:00:42"}
{"level":"info","message":"Created client session f04286de8b84203251ead71b","timestamp":"2026-04-09 05:00:42"}
{"level":"info","message":"Created client session 6674ff8fb8cdc5cdc1b9689c","timestamp":"2026-04-09 05:00:43"}
{"level":"info","message":"Created client session f3249a8f727e4b80441acc27","timestamp":"2026-04-09 05:00:43"}
{"level":"info","message":"Created client session 3eee95fdba5a5c1f517acaa3","timestamp":"2026-04-09 05:00:43"}
{"level":"info","message":"Created client session 4f98d40bd427533f53227a6f","timestamp":"2026-04-09 05:00:43"}
{"level":"info","message":"Created client session 425b672abe110293d2aec048","timestamp":"2026-04-09 05:00:43"}
{"level":"info","message":"Created client session 14d5dfa86143eaad02979867","timestamp":"2026-04-09 05:00:44"}
{"level":"info","message":"Created client session cde902bcb4b4a34a41bb09fe","timestamp":"2026-04-09 05:00:44"}
{"level":"info","message":"Created client session 85fdb85129121e294935d94d","timestamp":"2026-04-09 05:00:44"}
{"level":"info","message":"Created client session b5040ea768a261fd28d53c2a","timestamp":"2026-04-09 05:00:44"}
{"level":"info","message":"Created client session 27aa0fed31b1e295031872da","timestamp":"2026-04-09 05:00:45"}
{"level":"info","message":"Created client session 0bc18d3d2477a6f4e6835372","timestamp":"2026-04-09 05:00:45"}
{"level":"info","message":"Created client session 0260c31b5d3f670c2e1ebdaa","timestamp":"2026-04-09 05:00:45"}
{"level":"info","message":"Created client session 736dabc582052440bbeb9509","timestamp":"2026-04-09 05:00:45"}
{"level":"info","message":"Created client session 6bc84c265fee7cc750a6ef63","timestamp":"2026-04-09 05:00:45"}
{"level":"info","message":"Created client session f507bf9b1e2efaf8211d97de","timestamp":"2026-04-09 05:00:45"}
{"level":"info","message":"Created client session bde7b54edafebaf025dd5af3","timestamp":"2026-04-09 05:00:45"}
{"level":"info","message":"Created client session 6d7e28a9412ebc1db2c0d293","timestamp":"2026-04-09 05:00:45"}
{"level":"info","message":"Created client session 1ff7f1ca31d335c691e086cc","timestamp":"2026-04-09 05:00:45"}
{"level":"info","message":"Created client session 273afbf35652c47883eeaa0e","timestamp":"2026-04-09 05:00:45"}
{"level":"info","message":"Created client session ca9cd66b050d8867c4bd3b74","timestamp":"2026-04-09 05:00:45"}
{"level":"info","message":"Created client session af3d09eb6ad817c5c5761cce","timestamp":"2026-04-09 05:00:45"}
{"level":"info","message":"Created client session a42fa12a6264801fd8506e07","timestamp":"2026-04-09 05:00:45"}
{"level":"info","message":"Created client session f5d69f462369e99ff66fcba1","timestamp":"2026-04-09 05:00:45"}
{"level":"info","message":"Created client session 15ac633ea64581656ab2adc2","timestamp":"2026-04-09 05:00:45"}
{"level":"info","message":"Created client session df6373d893d3eee45eab7e67","timestamp":"2026-04-09 05:00:45"}
{"level":"info","message":"Created client session 413f9eb096acf2980a7632fe","timestamp":"2026-04-09 05:00:45"}
{"level":"info","message":"Created client session c4862f848183547b6795c083","timestamp":"2026-04-09 05:00:45"}
{"level":"info","message":"Created client session 72df6f17b3e91ce14e2d78ce","timestamp":"2026-04-09 05:00:45"}
{"level":"info","message":"Created client session a48cdcb1beaa389d26e6ee70","timestamp":"2026-04-09 05:00:47"}
{"level":"info","message":"Created client session d0a51f6c0ed46b3b34e95c7c","timestamp":"2026-04-09 05:00:48"}
{"level":"info","message":"Created client session 6173e8d11eb9a10504478700","timestamp":"2026-04-09 05:00:48"}
{"level":"info","message":"Created client session 59e15147ed44e6d08d3f398d","timestamp":"2026-04-09 05:26:47"}
{"level":"info","message":"Created client session 147d41961c5893faa2b1a627","timestamp":"2026-04-09 05:28:48"}
{"level":"info","message":"Created client session 1218963b3011698f00b75e13","timestamp":"2026-04-09 05:35:01"}
{"level":"info","message":"Created client session 2e4c0251450d879d49b2c05d","timestamp":"2026-04-09 05:39:12"}
{"level":"info","message":"Created client session c76622cb81bf7bce0c566ad5","timestamp":"2026-04-09 05:47:11"}
{"level":"info","message":"Created client session e5d7bbc88475c6a0b28f8187","timestamp":"2026-04-09 05:47:11"}
{"level":"info","message":"Created client session 9c05ccebb271d8ea48732193","timestamp":"2026-04-09 06:45:50"}
{"level":"info","message":"Created client session 097666e97971401257ac4a29","timestamp":"2026-04-09 06:45:53"}
{"level":"info","message":"Created client session 4a90381bd386758ae00df6e9","timestamp":"2026-04-09 06:51:39"}
{"level":"info","message":"Created client session edabc7bc2d560a8a69e3437a","timestamp":"2026-04-09 06:51:46"}
{"level":"info","message":"Created client session f9ae8635daa0cb75241340c0","timestamp":"2026-04-09 06:52:01"}
{"level":"info","message":"Created client session aae6d4261f1a5b637a48ef87","timestamp":"2026-04-09 06:52:20"}
{"level":"info","message":"Created client session a89fd245cb25da7fe094f433","timestamp":"2026-04-09 06:53:54"}
{"level":"info","message":"Created client session ef216fdf5f409f45d368bb04","timestamp":"2026-04-09 07:07:22"}
{"level":"info","message":"Created client session 2dc7289aafea52e07ca60213","timestamp":"2026-04-09 07:07:23"}
{"level":"info","message":"Created client session 50d1f57c176e4e4bae94dcf5","timestamp":"2026-04-09 07:07:23"}
{"level":"info","message":"Created client session c1383de677c330222d95138a","timestamp":"2026-04-09 07:07:23"}
{"level":"info","message":"Created client session df6bbf2965be0957778d1d9e","timestamp":"2026-04-09 07:07:23"}
{"level":"info","message":"Created client session a456ffb0cc2c0a5d768edefb","timestamp":"2026-04-09 07:07:24"}
{"level":"info","message":"Created client session 55b9f66159392640a99f9c53","timestamp":"2026-04-09 07:07:24"}
{"level":"info","message":"Created client session af3758c014f3717c56a2974e","timestamp":"2026-04-09 07:07:24"}
{"level":"info","message":"Created client session f38410957bbb7fc3761880dc","timestamp":"2026-04-09 07:07:25"}
{"level":"info","message":"Created client session 55aef67b010d7371555aeee5","timestamp":"2026-04-09 07:07:25"}
{"level":"info","message":"Created client session 83422be73f116a390c6f7131","timestamp":"2026-04-09 07:07:25"}
{"level":"info","message":"Created client session d77e4bff4db07b23d7ab7449","timestamp":"2026-04-09 07:07:26"}
{"level":"info","message":"Created client session 752ccc19a9383a40def44c7c","timestamp":"2026-04-09 07:07:26"}
{"level":"info","message":"Created client session ae50b1c095a750fb0003d143","timestamp":"2026-04-09 07:07:26"}
{"level":"info","message":"Created client session d654cd26d6473ef615d0d08e","timestamp":"2026-04-09 07:07:26"}
{"level":"info","message":"Created client session cd3c4b915e4d6b4e51da9062","timestamp":"2026-04-09 07:07:27"}
{"level":"info","message":"Created client session 24129a3b1dafe3c821b27ed5","timestamp":"2026-04-09 07:07:27"}
{"level":"info","message":"Created client session fb44347d787632e642b90722","timestamp":"2026-04-09 07:07:27"}
{"level":"info","message":"Created client session cb8ff769331ff33daa18ecde","timestamp":"2026-04-09 07:07:28"}
{"level":"info","message":"Created client session bcb64312d4515cdfb98606be","timestamp":"2026-04-09 07:07:28"}
{"level":"info","message":"Created client session 6988df33f7806f9c150c4435","timestamp":"2026-04-09 07:07:28"}
{"level":"info","message":"Created client session 40eacf516c4ea6c84f34e95b","timestamp":"2026-04-09 07:07:29"}
{"level":"info","message":"Created client session 7ff5d9fef21d9adf905a6050","timestamp":"2026-04-09 07:07:29"}
{"level":"info","message":"Created client session 3e41b928a56d728954c325ed","timestamp":"2026-04-09 07:07:29"}
{"level":"info","message":"Created client session c08fc5351e85fe33fb3a727c","timestamp":"2026-04-09 07:07:29"}
{"level":"info","message":"Created client session 6bc87e291329f05dace2d4bf","timestamp":"2026-04-09 07:07:30"}
{"level":"info","message":"Created client session 2d40fdf60932ace5092d26c2","timestamp":"2026-04-09 07:07:30"}
{"level":"info","message":"Created client session 8fac35c92728b853c6abcfe3","timestamp":"2026-04-09 07:07:30"}
{"level":"info","message":"Created client session 809eaa1a09bc00ac37d5653f","timestamp":"2026-04-09 07:07:31"}
{"level":"info","message":"Created client session 2f56d1815a1c7a87c2c0f9aa","timestamp":"2026-04-09 07:07:31"}
{"level":"info","message":"Created client session 85c445d512ebf05b7e7f634c","timestamp":"2026-04-09 07:07:31"}
{"level":"info","message":"Created client session 5b1b0063663a07275fd66bee","timestamp":"2026-04-09 07:07:32"}
{"level":"info","message":"Created client session 0d968c33c125c96d24b19d44","timestamp":"2026-04-09 07:07:32"}
{"level":"info","message":"Created client session 853b8234130e0063d7b9bc46","timestamp":"2026-04-09 07:07:32"}
{"level":"info","message":"Created client session 8df4788705a63d57f478b00d","timestamp":"2026-04-09 07:07:33"}
{"level":"info","message":"Created client session 5dd8bc1e71ede6689b1ed5ea","timestamp":"2026-04-09 07:07:33"}
{"level":"info","message":"Created client session 4c63ef9fb96f224807dd435f","timestamp":"2026-04-09 07:07:33"}
{"level":"info","message":"Created client session 447f3ba0a341e4a9520fb196","timestamp":"2026-04-09 07:07:34"}
{"level":"info","message":"Created client session 4de1c6881b9a5ab294010285","timestamp":"2026-04-09 07:07:34"}
{"level":"info","message":"Created client session e424e2d6c846f1e1bd80b44c","timestamp":"2026-04-09 07:07:34"}
{"level":"info","message":"Created client session c1ba59b1ef37b7136c2ad688","timestamp":"2026-04-09 07:07:35"}
{"level":"info","message":"Created client session a8aa7ceff64b5d2be55ae308","timestamp":"2026-04-09 07:07:35"}
{"level":"info","message":"Created client session a42cb9e79753b48bd81d7603","timestamp":"2026-04-09 07:07:35"}
{"level":"info","message":"Created client session 0aaa67a65251073218c1de10","timestamp":"2026-04-09 07:07:36"}
{"level":"info","message":"Created client session 967885a6acb796931f08032d","timestamp":"2026-04-09 07:08:10"}
{"level":"info","message":"Created client session 2177a929fa85ee62170d6c51","timestamp":"2026-04-09 07:09:01"}
{"level":"info","message":"Created client session 11032a93c6a6a9be2c5bf9e4","timestamp":"2026-04-09 07:11:15"}
{"level":"info","message":"Created client session 09fad1681862c6d6adcff30b","timestamp":"2026-04-09 07:14:34"}
{"level":"info","message":"Created client session b107b9c90b1c1af9c55904f4","timestamp":"2026-04-09 07:19:52"}
{"level":"info","message":"Created client session dfffe058015ff8ac8a2325e6","timestamp":"2026-04-09 07:20:14"}
{"level":"info","message":"Created client session 023e38fb7270f521de7fb3e0","timestamp":"2026-04-09 07:20:31"}
{"level":"info","message":"Created client session 9bb60487c3f6b7a273c525e1","timestamp":"2026-04-09 07:20:55"}
{"level":"info","message":"Created client session 583c081660f8ba9a7151f160","timestamp":"2026-04-09 07:26:05"}
{"level":"info","message":"Created client session d84cc9240a7c3afe6b42e40c","timestamp":"2026-04-09 07:56:35"}
{"level":"info","message":"Created client session 0f198f31ea4c3514bee5ee7d","timestamp":"2026-04-09 08:19:28"}
{"level":"info","message":"Created client session 19df439857a7a6277c4ac604","timestamp":"2026-04-09 08:28:30"}
{"level":"info","message":"Created client session 91008b3f4d4f54c7592781a8","timestamp":"2026-04-09 09:09:10"}
{"level":"info","message":"Created client session fb7ade9823533f5999f0f617","timestamp":"2026-04-09 09:09:10"}
{"level":"info","message":"Created client session 99884522c0eef22cc5917d59","timestamp":"2026-04-09 09:09:11"}
{"level":"info","message":"Created client session d64b3cf52804340ab78d9324","timestamp":"2026-04-09 09:09:11"}
{"level":"info","message":"Created client session 7578be5e630b6224e773f3da","timestamp":"2026-04-09 09:09:11"}
{"level":"info","message":"Created client session 50ccfbd0d9c44a1234cd37ce","timestamp":"2026-04-09 09:09:11"}
{"level":"info","message":"Created client session a064471a40807d0514241842","timestamp":"2026-04-09 09:09:11"}
{"level":"info","message":"Created client session 0f302e230662b4f5b5b14fa6","timestamp":"2026-04-09 09:09:12"}
{"level":"info","message":"Created client session c67eaeaf463c904a21c8c17b","timestamp":"2026-04-09 09:09:12"}
{"level":"info","message":"Created client session 6ecda51ceeca240d0475a302","timestamp":"2026-04-09 09:09:12"}
{"level":"info","message":"Created client session 754f98638da962426bc68a04","timestamp":"2026-04-09 09:09:12"}
{"level":"info","message":"Created client session 94873d9745ef36dd31ac1b4b","timestamp":"2026-04-09 09:09:12"}
{"level":"info","message":"Created client session 061d2ab34b68f7711d0ba95c","timestamp":"2026-04-09 09:09:12"}
{"level":"info","message":"Created client session 3f45c1b6e8900504b1ea8c91","timestamp":"2026-04-09 09:09:12"}
{"level":"info","message":"Created client session 6aee923df499fe5ee6f0d07a","timestamp":"2026-04-09 09:09:13"}
{"level":"info","message":"Created client session fecae6f8e393fc5899f9c07f","timestamp":"2026-04-09 09:09:13"}
{"level":"info","message":"Created client session 950bd10b011dc23e40f32823","timestamp":"2026-04-09 09:09:13"}
{"level":"info","message":"Created client session 00746263270bbcb100c39fd3","timestamp":"2026-04-09 09:09:13"}
{"level":"info","message":"Created client session a29dcb8146381a5b3b871fad","timestamp":"2026-04-09 09:09:13"}
{"level":"info","message":"Created client session 01562e0ef5417b24d753a7e6","timestamp":"2026-04-09 09:09:13"}
{"level":"info","message":"Created client session 1abcbe6454d709155e0156e8","timestamp":"2026-04-09 09:09:13"}
{"level":"info","message":"Created client session ba15ebab1b84c868c30cf11d","timestamp":"2026-04-09 09:09:13"}
{"level":"info","message":"Created client session 7c97c227c5b04435354c723b","timestamp":"2026-04-09 09:09:14"}
{"level":"info","message":"Created client session cce1e7e72a484132e8dea55a","timestamp":"2026-04-09 09:09:14"}
{"level":"info","message":"Created client session 203ef4976a3ad2dd79347a78","timestamp":"2026-04-09 09:09:14"}
{"level":"info","message":"Created client session 230cc4a6f3c8d96cff9bde35","timestamp":"2026-04-09 09:09:14"}
{"level":"info","message":"Created client session 80c04cf4f61eff49f46160ee","timestamp":"2026-04-09 09:09:14"}
{"level":"info","message":"Created client session bbe813e8c1fb31e69c41d73a","timestamp":"2026-04-09 09:09:14"}
{"level":"info","message":"Created client session d51ae1b784d1dbb73ec33c21","timestamp":"2026-04-09 09:09:14"}
{"level":"info","message":"Created client session 79722c7942ad0fed67d34591","timestamp":"2026-04-09 09:09:15"}
{"level":"info","message":"Created client session fc53970637738e335f656551","timestamp":"2026-04-09 09:09:15"}
{"level":"info","message":"Created client session 0230732f9308d64d96993dd8","timestamp":"2026-04-09 09:13:20"}
{"level":"info","message":"Created client session e3ecfd7d6eb5af588cfe5f0e","timestamp":"2026-04-09 09:19:14"}
{"level":"info","message":"Created client session 4dff3a75b66430a4faf6749e","timestamp":"2026-04-09 09:42:31"}
{"level":"info","message":"Created client session 8d4ea53f4d755a1a530d7625","timestamp":"2026-04-09 09:55:17"}
{"level":"info","message":"Created client session e95314fd9ab6f5da5e29b0bc","timestamp":"2026-04-09 10:14:16"}
{"level":"info","message":"Created client session a09d5d0e92816547b2046395","timestamp":"2026-04-09 11:03:05"}
{"level":"info","message":"Created client session 9c89afe3c367d1b6acee07f0","timestamp":"2026-04-09 11:53:47"}
{"level":"info","message":"Created client session 76400d4e9cfb4fa1ebe5eea3","timestamp":"2026-04-09 12:35:24"}
{"level":"info","message":"Created client session 77ca358a7c94ffd744049aab","timestamp":"2026-04-09 12:42:56"}
{"level":"info","message":"Created client session 22cb2c89e827bbd8912ac8c8","timestamp":"2026-04-09 13:15:50"}
{"level":"info","message":"Created client session abc74d0ffec96d4732b3cf0d","timestamp":"2026-04-09 13:39:09"}
{"level":"info","message":"Created client session b0bc9f553b1c5ec52df1ab34","timestamp":"2026-04-09 14:08:20"}
{"level":"info","message":"Created client session df110796b462a01f1378c81a","timestamp":"2026-04-09 14:34:56"}
{"level":"info","message":"Created client session 9f8cdcf1873c735960bcac93","timestamp":"2026-04-09 14:45:16"}
{"level":"info","message":"Created client session 241f078b16744cc89896dcc2","timestamp":"2026-04-09 15:12:52"}
{"level":"info","message":"Created client session d45d9a803bd723712cdcd715","timestamp":"2026-04-09 15:39:07"}
{"level":"info","message":"Created client session 5af3b8c42bbd5146c49d758b","timestamp":"2026-04-09 16:09:14"}
{"level":"info","message":"Created client session 53aa85803ad1a2b26297568d","timestamp":"2026-04-09 16:20:48"}
{"level":"info","message":"Created client session 860c41b343464501fa1d6cba","timestamp":"2026-04-09 16:20:48"}
{"level":"info","message":"Created client session f9352b5a4a590c093e31fabd","timestamp":"2026-04-09 16:20:48"}
{"level":"info","message":"Created client session ea9ce3452b9ce9ba5070f13f","timestamp":"2026-04-09 16:20:48"}
{"level":"info","message":"Created client session ce3a7df502ac486186800f03","timestamp":"2026-04-09 16:20:48"}
{"level":"info","message":"Created client session 93647795fd093082c2fbc3a5","timestamp":"2026-04-09 16:20:48"}
{"level":"info","message":"Created client session 7da96c1a6a92f5eb5d9929a8","timestamp":"2026-04-09 16:20:48"}
{"level":"info","message":"Created client session 8f081b201a85efe941015320","timestamp":"2026-04-09 16:20:48"}
{"level":"info","message":"Created client session a0281d01fe69bbd72ab6e731","timestamp":"2026-04-09 16:20:49"}
{"level":"info","message":"Created client session db4b28d5d32b31b25bc4556d","timestamp":"2026-04-09 16:20:49"}
{"level":"info","message":"Created client session 4a3a2e321521026cee82ed14","timestamp":"2026-04-09 16:20:49"}
{"level":"info","message":"Created client session 76e935c63e785bd08abb60f1","timestamp":"2026-04-09 16:20:49"}
{"level":"info","message":"Created client session 54464b0a1c14b863ad487cb2","timestamp":"2026-04-09 16:20:49"}
{"level":"info","message":"Created client session cdce8051fe731520701c11a1","timestamp":"2026-04-09 16:20:49"}
{"level":"info","message":"Created client session 482f6558830dfddb45c1d148","timestamp":"2026-04-09 16:20:49"}
{"level":"info","message":"Created client session 4d31853211a35b6373d8a041","timestamp":"2026-04-09 16:20:49"}
{"level":"info","message":"Created client session 0ab326af17505c0ed84a06de","timestamp":"2026-04-09 16:20:49"}
{"level":"info","message":"Created client session decd0017f3d65b36d2563ec5","timestamp":"2026-04-09 16:20:49"}
{"level":"info","message":"Created client session f66646361096bf6e96de974f","timestamp":"2026-04-09 16:20:49"}
{"level":"info","message":"Created client session 1bcd545f58653b937e1658db","timestamp":"2026-04-09 16:20:49"}
{"level":"info","message":"Created client session 95b6e8fbef10acde2d8745ae","timestamp":"2026-04-09 16:20:49"}
{"level":"info","message":"Created client session 7271d5a7894664c927b6dee4","timestamp":"2026-04-09 16:20:49"}
{"level":"info","message":"Created client session 5de9902ea1e96dda3956b8d3","timestamp":"2026-04-09 16:20:49"}
{"level":"info","message":"Created client session 8102f0a7a1c2f3dff857faa4","timestamp":"2026-04-09 16:20:49"}
{"level":"info","message":"Created client session 09f1b51bc153b30267d325c0","timestamp":"2026-04-09 16:20:49"}
{"level":"info","message":"Created client session 3f24e031f1ee164f0c7f7d90","timestamp":"2026-04-09 16:20:49"}
{"level":"info","message":"Created client session e1f97c02b9d809688afdc4c5","timestamp":"2026-04-09 16:20:49"}
{"level":"info","message":"Created client session 7b4b0c3abf11ff8766601053","timestamp":"2026-04-09 16:20:49"}
{"level":"info","message":"Created client session aa72c460ca6e96cf04d15f02","timestamp":"2026-04-09 16:20:49"}
{"level":"info","message":"Created client session 7ed11464f878fe9e2fa94b16","timestamp":"2026-04-09 16:20:49"}
{"level":"info","message":"Created client session 33a712da54a86663b2bfe940","timestamp":"2026-04-09 16:20:49"}
{"level":"info","message":"Created client session 2853f4738d18998203de6813","timestamp":"2026-04-09 16:20:49"}
{"level":"info","message":"Created client session 0cd6eda11019de28e194f21b","timestamp":"2026-04-09 16:20:49"}
{"level":"info","message":"Created client session 390056ccbc6c205ddef11ca8","timestamp":"2026-04-09 16:20:49"}
{"level":"info","message":"Created client session d8646b8fe4254866212dc3ce","timestamp":"2026-04-09 16:20:49"}
{"level":"info","message":"Created client session 962628271765205e8a732060","timestamp":"2026-04-09 16:20:49"}
{"level":"info","message":"Created client session ad5842cc7d2c399f141ff813","timestamp":"2026-04-09 16:20:49"}
{"level":"info","message":"Created client session d1fc32749290813ba15ca4ae","timestamp":"2026-04-09 16:20:49"}
{"level":"info","message":"Created client session 8c7061000603e4062d87b1c0","timestamp":"2026-04-09 16:20:49"}
{"level":"info","message":"Created client session 17e56ca648053c8c09ff6284","timestamp":"2026-04-09 16:20:49"}
{"level":"info","message":"Created client session 0d02ac6939e8c33a12b7540a","timestamp":"2026-04-09 16:20:49"}
{"level":"info","message":"Created client session d2d08681447d621b9bf20405","timestamp":"2026-04-09 16:20:49"}
{"level":"info","message":"Created client session dcf6b61870ecc636291768c2","timestamp":"2026-04-09 16:20:49"}
{"level":"info","message":"Created client session 8fc2c7eaadb01294e820fa70","timestamp":"2026-04-09 16:20:49"}
{"level":"info","message":"Created client session 5e7ffe22784889cca307a592","timestamp":"2026-04-09 16:35:19"}
{"level":"info","message":"Created client session 3144a4e91030100c74000a66","timestamp":"2026-04-09 16:50:49"}
{"level":"info","message":"Created client session c57a2acabe947d66014dc9ef","timestamp":"2026-04-09 16:58:18"}
{"level":"info","message":"Created client session 22fbfd72f7de6a6038353df3","timestamp":"2026-04-09 17:03:02"}
{"level":"info","message":"Created client session 5ba9542c6196f89d4a9094fa","timestamp":"2026-04-09 17:03:02"}
{"level":"info","message":"Created client session 49e4b014016c3ab6204b55fa","timestamp":"2026-04-09 17:03:02"}
{"level":"info","message":"Created client session 43fd32ec5289d3a82a25f86e","timestamp":"2026-04-09 17:03:02"}
{"level":"info","message":"Created client session 208e28c04a712b730662963b","timestamp":"2026-04-09 17:03:02"}
{"level":"info","message":"Created client session 0dc77e40b263d9cfd960d3fb","timestamp":"2026-04-09 17:03:03"}
{"level":"info","message":"Created client session 62b7c3125fdbae84ad22161b","timestamp":"2026-04-09 17:03:03"}
{"level":"info","message":"Created client session 372b4a5569579e24b1e74dfc","timestamp":"2026-04-09 17:03:03"}
{"level":"info","message":"Created client session 89abe3655f613c5ad87cfa7c","timestamp":"2026-04-09 17:03:03"}
{"level":"info","message":"Created client session ef8c33cd0b6d93c9af61a1f7","timestamp":"2026-04-09 17:03:04"}
{"level":"info","message":"Created client session 9f37af9f6c18dbbc0f8821bb","timestamp":"2026-04-09 17:03:04"}
{"level":"info","message":"Created client session 0c867fbafc9c4b9764d573ba","timestamp":"2026-04-09 17:03:04"}
{"level":"info","message":"Created client session f5761c9ff71757b736f73ec4","timestamp":"2026-04-09 17:03:04"}
{"level":"info","message":"Created client session a9fb71fc1f8d7b3cc3e20194","timestamp":"2026-04-09 17:03:04"}
{"level":"info","message":"Created client session 9d43e53d0e7f65b02b05effe","timestamp":"2026-04-09 17:03:04"}
{"level":"info","message":"Created client session ec064317e3c4569635139ad7","timestamp":"2026-04-09 17:03:05"}
{"level":"info","message":"Created client session 1962730b67379183254456f5","timestamp":"2026-04-09 17:03:05"}
{"level":"info","message":"Created client session 91a0411e29a89eeabda38161","timestamp":"2026-04-09 17:03:05"}
{"level":"info","message":"Created client session 0cf9af31de2646cfc096b95d","timestamp":"2026-04-09 17:03:05"}
{"level":"info","message":"Created client session f68908829a2aeb5c76cd6197","timestamp":"2026-04-09 17:03:06"}
{"level":"info","message":"Created client session f3de8d6abfd7c3018f9aa36f","timestamp":"2026-04-09 17:03:06"}
{"level":"info","message":"Created client session 3160657701480aa88d3ff7e6","timestamp":"2026-04-09 17:03:06"}
{"level":"info","message":"Created client session fc0083227cff7cc7ac2ef616","timestamp":"2026-04-09 17:03:06"}
{"level":"info","message":"Created client session 899f82a1ca58c962f3e788cb","timestamp":"2026-04-09 17:03:08"}
{"level":"info","message":"Created client session ca1fe1cad6f882d624676a64","timestamp":"2026-04-09 17:03:09"}
{"level":"info","message":"Created client session eea17d3d0a0d6ae2013d38ae","timestamp":"2026-04-09 17:03:09"}
{"level":"info","message":"Created client session ebf8594f25d4da922454d264","timestamp":"2026-04-09 17:03:09"}
{"level":"info","message":"Created client session c691ab31965ed93efb8cd9d9","timestamp":"2026-04-09 17:03:09"}
{"level":"info","message":"Created client session 12fcfae6285cc9526121a2ea","timestamp":"2026-04-09 17:03:09"}
{"level":"info","message":"Created client session 047de4c0a959e8b15ec379a7","timestamp":"2026-04-09 17:03:09"}
{"level":"info","message":"Created client session 5cb2b6143e8e9629b79a7116","timestamp":"2026-04-09 17:03:09"}
{"level":"info","message":"Created client session 4881880101bbb9c6b8a85b89","timestamp":"2026-04-09 17:03:09"}
{"level":"info","message":"Created client session 0d002d7bd8e63a69cbef387e","timestamp":"2026-04-09 17:03:09"}
{"level":"info","message":"Created client session 80a949e39f18e4502d7c7cdb","timestamp":"2026-04-09 17:03:09"}
{"level":"info","message":"Created client session da95608cba31d2d6dae5fd4c","timestamp":"2026-04-09 17:03:09"}
{"level":"info","message":"Created client session 0032c26702b548c1e5a28542","timestamp":"2026-04-09 17:03:09"}
{"level":"info","message":"Created client session d9cdb80d9fbe7b1de58e1603","timestamp":"2026-04-09 17:03:09"}
{"level":"info","message":"Created client session 1a7c4e6f30a500b5795cf60d","timestamp":"2026-04-09 17:03:09"}
{"level":"info","message":"Created client session 8b4a8d0feb43c408e0a1c2b1","timestamp":"2026-04-09 17:03:09"}
{"level":"info","message":"Created client session 4c2fa4ebece85f97232e9db3","timestamp":"2026-04-09 17:07:29"}
{"level":"info","message":"Created client session 4f913ed3a6e286f588a947be","timestamp":"2026-04-09 17:07:29"}
{"level":"info","message":"Created client session 46c85e368f1b90805ecb56ad","timestamp":"2026-04-09 17:25:58"}
{"level":"info","message":"Created client session 679d59f1626a25db800afff5","timestamp":"2026-04-09 17:32:35"}
{"level":"info","message":"Created client session d7081e057ab5fd0bf64b7238","timestamp":"2026-04-09 17:37:16"}
{"level":"info","message":"Created client session 56291fadb0cb93aec2c0af70","timestamp":"2026-04-09 17:44:27"}
{"level":"info","message":"Created client session babd418d31ae0ac0249d6f80","timestamp":"2026-04-09 17:58:04"}
{"level":"info","message":"Created client session 2f103377e911c698310b40bd","timestamp":"2026-04-09 18:01:31"}
{"level":"info","message":"Created client session d1ffab3a784788afe3d0204e","timestamp":"2026-04-09 18:01:31"}
{"level":"info","message":"Created client session 91ca996ddfcf816d74d156aa","timestamp":"2026-04-09 18:16:40"}
{"level":"info","message":"Created client session 453456359c0324488d150210","timestamp":"2026-04-09 18:34:04"}
{"level":"info","message":"Created client session fc9df966d9a521068b4d33ae","timestamp":"2026-04-09 18:37:09"}
{"level":"info","message":"Created client session f95b359e416033e5a4134964","timestamp":"2026-04-09 18:37:10"}
{"level":"info","message":"Created client session 960e0a4e1ddc8776be103b60","timestamp":"2026-04-09 18:37:10"}
{"level":"info","message":"Created client session 79a7d4ded986cfc5b9146678","timestamp":"2026-04-09 18:37:12"}
{"level":"info","message":"Created client session 156fab3b0b83df9b6e3f0d32","timestamp":"2026-04-09 18:37:12"}
{"level":"info","message":"Created client session a2f3b8bbfcaf1840160eb854","timestamp":"2026-04-09 18:37:12"}
{"level":"info","message":"Created client session a5730841a35a90575e914fc9","timestamp":"2026-04-09 18:37:13"}
{"level":"info","message":"Created client session e01739d8c4da9ddfa57f287f","timestamp":"2026-04-09 18:37:14"}
{"level":"info","message":"Created client session fff233690a31ee53626d83ee","timestamp":"2026-04-09 18:37:15"}
{"level":"info","message":"Created client session a61ec57f20f2a6a5bb98936b","timestamp":"2026-04-09 18:37:15"}
{"level":"info","message":"Created client session ead07a598ab2f5416172b3f3","timestamp":"2026-04-09 18:37:16"}
{"level":"info","message":"Created client session 76361cc49705080142bcd6a3","timestamp":"2026-04-09 18:37:16"}
{"level":"info","message":"Created client session 7e9fd1229604e79f8d529619","timestamp":"2026-04-09 18:37:17"}
{"level":"info","message":"Created client session 42ad3266f15ed3b8153751ea","timestamp":"2026-04-09 18:37:17"}
{"level":"info","message":"Created client session 52c81d9a2e819af21db8b303","timestamp":"2026-04-09 19:03:20"}
{"level":"info","message":"Created client session b2ac1965a0bc7e0165035efa","timestamp":"2026-04-09 19:03:30"}
{"level":"info","message":"Created client session 6a8257509d4bfee709937a04","timestamp":"2026-04-09 19:08:53"}
{"level":"info","message":"Created client session 29f194debae7f524c2353584","timestamp":"2026-04-09 19:19:31"}
{"level":"info","message":"Created client session 4f1b6d11abe622c3daabf11b","timestamp":"2026-04-09 20:01:10"}
{"level":"info","message":"Created client session 0e229397f12e2141106109f5","timestamp":"2026-04-09 20:02:56"}
{"level":"info","message":"Created client session c1a3dd6db4cdfa7b517d8e71","timestamp":"2026-04-09 20:04:16"}
{"level":"info","message":"Created client session 879ca3861bed77fe28cacfec","timestamp":"2026-04-09 20:58:00"}
{"level":"info","message":"Created client session ee68a6cadc3e34ee2914cae3","timestamp":"2026-04-09 21:02:25"}
{"level":"info","message":"Created client session 9a34938b86536792bc623d51","timestamp":"2026-04-09 21:03:29"}
{"level":"info","message":"Created client session cdf0d048c8bc23d478e990b7","timestamp":"2026-04-09 21:12:32"}
{"level":"info","message":"Created client session ae39cfcd066a1e4ed7e52bfd","timestamp":"2026-04-09 21:12:33"}
{"level":"info","message":"Created client session 178baa8378184146ab0f5aed","timestamp":"2026-04-09 21:12:34"}
{"level":"info","message":"Created client session 0f998f69efd9cef29e3879f4","timestamp":"2026-04-09 21:12:35"}
{"level":"info","message":"Created client session fa7fd941d58b5e9647e6e770","timestamp":"2026-04-09 21:12:36"}
{"level":"info","message":"Created client session 1db619f50654d3c795b560a6","timestamp":"2026-04-09 21:12:36"}
{"level":"info","message":"Created client session 989622754afdfc6ecb32a458","timestamp":"2026-04-09 21:12:37"}
{"level":"info","message":"Created client session 5f73b400349f5e6251d970fe","timestamp":"2026-04-09 21:21:13"}
{"level":"info","message":"Created client session 94c73641e9298046f47fd553","timestamp":"2026-04-09 21:21:13"}
{"level":"info","message":"Created client session 5a284e30baaf064bdc3b596a","timestamp":"2026-04-09 21:29:02"}
{"level":"info","message":"Created client session 9b01a7018652fe3fdc3eebe2","timestamp":"2026-04-09 21:29:02"}
{"level":"info","message":"Created client session 29e2bf6383a14a7aeee985ad","timestamp":"2026-04-09 21:29:03"}
{"level":"info","message":"Created client session f1d37b9ec1eaab22293344a7","timestamp":"2026-04-09 21:29:04"}
{"level":"info","message":"Created client session 19f424aee99b4d322e623c40","timestamp":"2026-04-09 21:29:04"}
{"level":"info","message":"Created client session 4429897882851f405a101d27","timestamp":"2026-04-09 21:29:05"}
{"level":"info","message":"Created client session 54128e5ffc6399992f8bbddf","timestamp":"2026-04-09 21:29:05"}
{"level":"info","message":"Created client session 349e51128dbd91adc39f9d96","timestamp":"2026-04-09 21:40:06"}
{"level":"info","message":"Created client session d431627e83a3431d6927901c","timestamp":"2026-04-09 22:01:40"}
{"level":"info","message":"Created client session 71f95b3ad5021938142afc2a","timestamp":"2026-04-09 22:02:50"}
{"level":"info","message":"Created client session f9ca8ed8d8da0ccb1aa85a5d","timestamp":"2026-04-09 22:02:51"}
{"level":"info","message":"Created client session 9d8757e3317279eecf2681a3","timestamp":"2026-04-09 22:12:45"}
{"level":"info","message":"Created client session 16f70139c98a2b1e01dc0bb0","timestamp":"2026-04-09 22:12:45"}
{"level":"info","message":"Created client session 2d5554ab1e43cd2ee47c892d","timestamp":"2026-04-09 22:27:52"}
{"level":"info","message":"Created client session 66b5ed9d0c8b2f095e02146e","timestamp":"2026-04-09 22:37:13"}
{"level":"info","message":"Created client session 819935450419f08449b01b9a","timestamp":"2026-04-09 22:38:20"}
{"level":"info","message":"Created client session be7ab1de14c1600e285339ce","timestamp":"2026-04-09 22:39:30"}
{"level":"info","message":"Created client session 5670c9a10fb918eb0b9ccecc","timestamp":"2026-04-09 23:40:03"}
{"level":"info","message":"Created client session 8103bd3214abc883c25b2ff2","timestamp":"2026-04-09 23:40:03"}
{"level":"info","message":"Created client session 18287a8745c82436d9fea93d","timestamp":"2026-04-09 23:40:03"}
{"level":"info","message":"Created client session 069a6c5020a7d39b6ca6ac3e","timestamp":"2026-04-09 23:40:03"}
{"level":"info","message":"Created client session 84845ab57b5b4cdb5e5d1d36","timestamp":"2026-04-09 23:40:03"}
{"level":"info","message":"Created client session 8724c5355ff5c20f3fd30e9c","timestamp":"2026-04-09 23:40:03"}
{"level":"info","message":"Created client session ab1e2188228db83ce9308743","timestamp":"2026-04-09 23:40:03"}
{"level":"info","message":"Created client session 6d36e88785401ba1de88b5eb","timestamp":"2026-04-09 23:40:03"}
{"level":"info","message":"Created client session 487175d744b8515dc3623e00","timestamp":"2026-04-09 23:40:03"}
{"level":"info","message":"Created client session 9068ef3c402d3a1d0ef59a44","timestamp":"2026-04-09 23:43:23"}
{"level":"info","message":"Created client session 600c68817b084d26f3574b0a","timestamp":"2026-04-09 23:43:23"}
{"level":"info","message":"Created client session 208df5f93f02cab09f225de1","timestamp":"2026-04-09 23:43:23"}
{"level":"info","message":"Created client session e9f04327c7cc5bc1bd00d8a4","timestamp":"2026-04-09 23:43:23"}
{"level":"info","message":"Created client session 36c7f8fba0a6fc9e1e85a4e9","timestamp":"2026-04-09 23:43:23"}
{"level":"info","message":"Created client session 13bfd343ab68f24af693c958","timestamp":"2026-04-09 23:43:23"}
{"level":"info","message":"Created client session ba4f338720a0a4d8091dc78a","timestamp":"2026-04-09 23:43:23"}
{"level":"info","message":"Created client session 23ab7579ca2f86da596bd0e5","timestamp":"2026-04-09 23:43:23"}
{"level":"info","message":"Created client session 8535bed9638e7f81c8182512","timestamp":"2026-04-09 23:43:23"}
{"level":"info","message":"Created client session e42655eb6abaac07db1959e2","timestamp":"2026-04-09 23:43:23"}
{"level":"info","message":"Created client session 24f9bc1606dbf01dede2dcf6","timestamp":"2026-04-09 23:44:07"}
{"level":"info","message":"Created client session 2f439233684800ec9c4996c3","timestamp":"2026-04-09 23:44:08"}
{"level":"info","message":"Created client session f03327559ab9934855491d02","timestamp":"2026-04-09 23:44:09"}
{"level":"info","message":"Created client session bf0b739a028e449d4d1dd5ae","timestamp":"2026-04-09 23:44:10"}
{"level":"info","message":"Created client session 61342747ca01b426ca1f73ea","timestamp":"2026-04-09 23:44:10"}
{"level":"info","message":"Created client session 78392f7de340c5598ab3bd54","timestamp":"2026-04-09 23:44:11"}
{"level":"info","message":"Created client session b0789006789c42906c1ddf3e","timestamp":"2026-04-09 23:44:14"}
{"level":"info","message":"Created client session 2f02877e289436643a32ec76","timestamp":"2026-04-09 23:44:14"}
{"level":"info","message":"Created client session 8868ce8e5b9be9e5762990ac","timestamp":"2026-04-09 23:44:14"}
{"level":"info","message":"Created client session f560017eab9ba609d80cb4ec","timestamp":"2026-04-09 23:44:14"}
{"level":"info","message":"Created client session d2792683e3a84fdf81765870","timestamp":"2026-04-09 23:44:14"}
{"level":"info","message":"Created client session 5fc01b36bcc4c0343d338aea","timestamp":"2026-04-09 23:44:14"}
{"level":"info","message":"Created client session 2f18e8f1487caceefdf9069e","timestamp":"2026-04-09 23:44:14"}
{"level":"info","message":"Created client session 684f298d566fec197e51db9b","timestamp":"2026-04-09 23:44:14"}
{"level":"info","message":"Created client session 6c7a7a8f49333768b7bb7369","timestamp":"2026-04-09 23:44:14"}
{"level":"info","message":"Created client session de4649a3493931196c385f39","timestamp":"2026-04-09 23:44:14"}
{"level":"info","message":"Created client session 7babd21498517f08399d3f5d","timestamp":"2026-04-09 23:44:14"}
{"level":"info","message":"Created client session b696d8e4abba656d5f05dde4","timestamp":"2026-04-09 23:44:14"}
{"level":"info","message":"Created client session fea30882c9e950567912c909","timestamp":"2026-04-09 23:44:14"}
{"level":"info","message":"Created client session b36e9c9ace88c529b13dc8c6","timestamp":"2026-04-09 23:44:14"}
{"level":"info","message":"Created client session 42382374ccefebe4840eb619","timestamp":"2026-04-09 23:44:14"}
{"level":"info","message":"Created client session 467b94fb3a19f34c1e2ccdc5","timestamp":"2026-04-09 23:44:14"}
{"level":"info","message":"Created client session 7701739cd9118a6c2b50fae4","timestamp":"2026-04-09 23:44:14"}
