{"level":"info","message":"Created client session a51f2c69d3814d895317fc79","timestamp":"2026-04-16 00:31:11"}
{"level":"info","message":"Created client session 0d4443cff37096b9593342d2","timestamp":"2026-04-16 01:01:34"}
{"level":"info","message":"Created client session 44d9081ce1e190a7407b7c7f","timestamp":"2026-04-16 01:01:41"}
{"level":"info","message":"Created client session 751ab0d525bd49ebd98652db","timestamp":"2026-04-16 01:23:03"}
{"level":"info","message":"Created client session ed813d1cd4888142485024e2","timestamp":"2026-04-16 01:33:16"}
{"level":"info","message":"Created client session 5f9c89a0d2d37e16fba6e7f9","timestamp":"2026-04-16 01:50:38"}
{"level":"info","message":"Created client session cc23e67c3112af50f0729f38","timestamp":"2026-04-16 01:53:44"}
{"level":"info","message":"Created client session e4b08afce51beabc2b6ace16","timestamp":"2026-04-16 01:54:53"}
{"level":"info","message":"Created client session b1342f2bd9f21b94bb1629b6","timestamp":"2026-04-16 02:00:31"}
{"level":"info","message":"Created client session 6bdbeb8c56e7e21234b4d82c","timestamp":"2026-04-16 02:05:39"}
{"level":"info","message":"Created client session 8f10831f9d8b16510d0817c0","timestamp":"2026-04-16 02:19:54"}
{"level":"info","message":"Created client session 49f161bfced5e4447bd9b3ab","timestamp":"2026-04-16 02:20:02"}
{"level":"info","message":"Created client session 773d5370cdf3c0836638e630","timestamp":"2026-04-16 02:20:02"}
{"level":"info","message":"Created client session 1ea491c03a10f19ed0b071d5","timestamp":"2026-04-16 03:06:15"}
{"level":"info","message":"Created client session 4f31bd71ef1cbdc2cd89dbea","timestamp":"2026-04-16 03:18:36"}
{"level":"info","message":"Created client session 9fdedb4bf48efaeb6674d4f4","timestamp":"2026-04-16 03:40:20"}
{"level":"info","message":"Created client session 85e600265fba210b11b0d6f6","timestamp":"2026-04-16 03:44:15"}
{"level":"info","message":"Created client session 2a672a664be3b59c7ba01fc1","timestamp":"2026-04-16 03:48:07"}
{"level":"info","message":"Created client session 715c034cf253a9a708bee2be","timestamp":"2026-04-16 03:48:07"}
{"level":"info","message":"Created client session 41b982a09ed112cfd79d9858","timestamp":"2026-04-16 03:48:08"}
{"level":"info","message":"Created client session 8655b0b235b8b6e5b59bc719","timestamp":"2026-04-16 03:48:09"}
{"level":"info","message":"Created client session edfcde23e5d999f866e37dd0","timestamp":"2026-04-16 03:48:09"}
{"level":"info","message":"Created client session 29ae4d4e3e51cd863ad86662","timestamp":"2026-04-16 03:48:09"}
{"level":"info","message":"Created client session f0b39846aecaa6fb1964316d","timestamp":"2026-04-16 03:48:10"}
{"level":"info","message":"Created client session b1d706a483af3479f2ef6ec9","timestamp":"2026-04-16 03:48:10"}
{"level":"info","message":"Created client session 4e5380710a40d5cddcd5da65","timestamp":"2026-04-16 03:48:11"}
{"level":"info","message":"Created client session ebcd8bccbadbc13e8e865a10","timestamp":"2026-04-16 03:48:12"}
{"level":"info","message":"Created client session 74b8417916865ccf7b09b5fe","timestamp":"2026-04-16 03:48:13"}
{"level":"info","message":"Created client session 171a2138679b428b94cd65e0","timestamp":"2026-04-16 03:48:13"}
{"level":"info","message":"Created client session 44f56bbfe14d9bc7245cd228","timestamp":"2026-04-16 03:48:13"}
{"level":"info","message":"Created client session bb1190d7898f2766fefdf862","timestamp":"2026-04-16 03:48:14"}
{"level":"info","message":"Created client session 896eefe6c7d907a9b40515c7","timestamp":"2026-04-16 03:48:14"}
{"level":"info","message":"Created client session 7576954adff4faeef3b9efcc","timestamp":"2026-04-16 03:48:16"}
{"level":"info","message":"Created client session 722e6d1d3e7ca437a318f7e1","timestamp":"2026-04-16 03:48:16"}
{"level":"info","message":"Created client session 8741ba418afd0a51b5e44913","timestamp":"2026-04-16 03:48:17"}
{"level":"info","message":"Created client session 00385d516a190a984cc22b59","timestamp":"2026-04-16 03:48:17"}
{"level":"info","message":"Created client session d68b789a53d955b92c1d7a06","timestamp":"2026-04-16 03:48:17"}
{"level":"info","message":"Created client session e23c524ab57053bdd6ddba97","timestamp":"2026-04-16 03:48:18"}
{"level":"info","message":"Created client session a1d437bfa3555bcc53cee1e2","timestamp":"2026-04-16 03:48:18"}
{"level":"info","message":"Created client session e332a5926bf594de15383c76","timestamp":"2026-04-16 03:48:19"}
{"level":"info","message":"Created client session c23cc343a05b23fb19ef9b2a","timestamp":"2026-04-16 03:48:19"}
{"level":"info","message":"Created client session 7589ad21219a9a33946d8beb","timestamp":"2026-04-16 03:48:20"}
{"level":"info","message":"Created client session 84c7e456d8dbe70505d32139","timestamp":"2026-04-16 03:48:20"}
{"level":"info","message":"Created client session bec526a78e9175fa24df12a1","timestamp":"2026-04-16 03:48:20"}
{"level":"info","message":"Created client session 56f30a241713c4a6b9f5bde9","timestamp":"2026-04-16 03:48:21"}
{"level":"info","message":"Created client session 3b0ac82d30918c1fe261a054","timestamp":"2026-04-16 03:48:21"}
{"level":"info","message":"Created client session 9521096bcca99451a294a05b","timestamp":"2026-04-16 03:48:21"}
{"level":"info","message":"Created client session 3694f3a5414b304dc2baf7ce","timestamp":"2026-04-16 03:48:22"}
{"level":"info","message":"Created client session 7b072a51aff8b27c5d44e74b","timestamp":"2026-04-16 03:48:22"}
{"level":"info","message":"Created client session 58c3a759a71910867aa96449","timestamp":"2026-04-16 03:48:22"}
{"level":"info","message":"Created client session c938c47dcc1d7b532b92b437","timestamp":"2026-04-16 03:48:24"}
{"level":"info","message":"Created client session 2e170ce82a5b3a3a79783fb4","timestamp":"2026-04-16 03:48:24"}
{"level":"info","message":"Created client session 4f2e694b113786e248fac8eb","timestamp":"2026-04-16 03:48:25"}
{"level":"info","message":"Created client session 5e557f5c782b21306710a0a9","timestamp":"2026-04-16 03:48:25"}
{"level":"info","message":"Created client session bcaa84bc0bc711d611675082","timestamp":"2026-04-16 03:48:26"}
{"level":"info","message":"Created client session 3ba4a812106ced6d13361edb","timestamp":"2026-04-16 03:48:27"}
{"level":"info","message":"Created client session 8ec45737f1a819aef66339e5","timestamp":"2026-04-16 03:48:27"}
{"level":"info","message":"Created client session 5ba0f0c71f866f5d6a98f04b","timestamp":"2026-04-16 03:48:28"}
{"level":"info","message":"Created client session 8166dc65803ecbfd09fd3fb3","timestamp":"2026-04-16 03:48:29"}
{"level":"info","message":"Created client session d650265c6b3346441f9df12e","timestamp":"2026-04-16 03:48:37"}
{"level":"info","message":"Created client session 7903992c7d4ae9a2dc2077c9","timestamp":"2026-04-16 03:48:37"}
{"level":"info","message":"Created client session 7da0120e643a6e58e733b2c0","timestamp":"2026-04-16 04:04:13"}
{"level":"info","message":"Created client session 12af0c4c9c03c95e5fc869d7","timestamp":"2026-04-16 04:23:47"}
{"level":"info","message":"Created client session dca38286bbf336c6f8181902","timestamp":"2026-04-16 04:33:28"}
{"level":"info","message":"Created client session 3676cd0cf904c25e8a438ba9","timestamp":"2026-04-16 04:33:28"}
{"level":"info","message":"Created client session 1c5a6777e833db0e930a8ffc","timestamp":"2026-04-16 04:33:28"}
{"level":"info","message":"Created client session 28cb98fd8d86f8536e37a837","timestamp":"2026-04-16 04:33:30"}
{"level":"info","message":"Created client session 810c9558432085906b7bf716","timestamp":"2026-04-16 04:33:31"}
{"level":"info","message":"Created client session ee74f79d79ca53d27c779148","timestamp":"2026-04-16 04:33:31"}
{"level":"info","message":"Created client session 610cbec77b076ba02fb6acde","timestamp":"2026-04-16 04:33:33"}
{"level":"info","message":"Created client session 3a33c1267e5ec1716598a1e0","timestamp":"2026-04-16 04:33:34"}
{"level":"info","message":"Created client session 17760f28b0006452379c2876","timestamp":"2026-04-16 04:33:35"}
{"level":"info","message":"Created client session 7f28ac79d00c12cd55ea3fec","timestamp":"2026-04-16 04:33:35"}
{"level":"info","message":"Created client session dbd1c423e56a20a47ecd8e90","timestamp":"2026-04-16 04:33:36"}
{"level":"info","message":"Created client session d39aa89ece84a73730b57210","timestamp":"2026-04-16 04:33:36"}
{"level":"info","message":"Created client session 5bcf415b80499d4b7c05291b","timestamp":"2026-04-16 04:33:37"}
{"level":"info","message":"Created client session f85707b0ec35dc0b20d4af11","timestamp":"2026-04-16 04:33:37"}
{"level":"info","message":"Created client session cc5e89abd35b07d0cac57b91","timestamp":"2026-04-16 04:50:48"}
{"level":"info","message":"Created client session ed3c7e08d2605b598021a107","timestamp":"2026-04-16 04:51:45"}
{"level":"info","message":"Created client session 4c92480938c457fae0952600","timestamp":"2026-04-16 04:56:42"}
{"level":"info","message":"Created client session 59eed8b30b63eb8b60ffb376","timestamp":"2026-04-16 04:57:07"}
{"level":"info","message":"Created client session 547ddf4b14cd891d45948016","timestamp":"2026-04-16 04:58:41"}
{"level":"info","message":"Created client session af9f6ce5c14117e134553595","timestamp":"2026-04-16 05:05:55"}
{"level":"info","message":"Created client session 1b22769301ccf06411abaa3b","timestamp":"2026-04-16 05:17:16"}
{"level":"info","message":"Created client session 8821bffb91cb887a689f79eb","timestamp":"2026-04-16 05:21:19"}
{"level":"info","message":"Created client session 36c18d74460f161496f7f2fe","timestamp":"2026-04-16 05:27:31"}
{"level":"info","message":"Created client session 0faa8e863cae56463e71ce66","timestamp":"2026-04-16 05:51:02"}
{"level":"info","message":"Created client session 16aec5be5ef350999f80474e","timestamp":"2026-04-16 05:54:54"}
{"level":"info","message":"Created client session 98847f3f5b905eecae4f7e8d","timestamp":"2026-04-16 06:04:54"}
{"level":"info","message":"Created client session 183c3bc934c8985fe2e54abf","timestamp":"2026-04-16 06:24:32"}
{"level":"info","message":"Created client session a49f8237077a16224b991c96","timestamp":"2026-04-16 06:24:44"}
{"level":"info","message":"Created client session db42de9e675728dee0863aaf","timestamp":"2026-04-16 07:16:13"}
{"level":"info","message":"Created client session 5b8c278cda7d0774f9f75d87","timestamp":"2026-04-16 07:16:57"}
{"level":"info","message":"Created client session dad02f88bb2fd42592008c65","timestamp":"2026-04-16 07:18:20"}
{"level":"info","message":"Created client session edc8a092cab4424e5a5efbc0","timestamp":"2026-04-16 07:26:34"}
{"level":"info","message":"Created client session cb34545443f5fc0253a6244b","timestamp":"2026-04-16 07:27:00"}
{"level":"info","message":"Created client session 162c90a10cef330a27a76a78","timestamp":"2026-04-16 07:27:16"}
{"level":"info","message":"Created client session 5a6794f92aa5ea35c013be0a","timestamp":"2026-04-16 07:27:28"}
{"level":"info","message":"Created client session ffc75bc14160d8405e0d57ad","timestamp":"2026-04-16 07:27:44"}
{"level":"info","message":"Created client session b89d45e3ac9aba09d14dc717","timestamp":"2026-04-16 07:34:30"}
{"level":"info","message":"Created client session d88a2b85b2ddb3044061f0fe","timestamp":"2026-04-16 08:11:42"}
{"level":"info","message":"Created client session a63214d7d5bf4478ca3b2dac","timestamp":"2026-04-16 08:11:42"}
{"level":"info","message":"Created client session 4a5726d6918fdd7e73ad2f7e","timestamp":"2026-04-16 08:11:42"}
{"level":"info","message":"Created client session 93cd8d7f8c285ae885fdd314","timestamp":"2026-04-16 08:13:34"}
{"level":"info","message":"Created client session 29eaccc0fbf50f83278ddad2","timestamp":"2026-04-16 08:17:45"}
{"level":"info","message":"Created client session 9ecb1963cd345459e8ffe5eb","timestamp":"2026-04-16 08:47:32"}
{"level":"info","message":"Created client session a98fa546ae5ae6f3f6c45046","timestamp":"2026-04-16 08:55:39"}
{"level":"info","message":"Created client session 9d87e67c7c4900d514b9a071","timestamp":"2026-04-16 09:15:15"}
{"level":"info","message":"Created client session 97acf398d9c629b90f23e182","timestamp":"2026-04-16 09:15:15"}
{"level":"info","message":"Created client session 3c2c6e8951aef0465b31b92f","timestamp":"2026-04-16 09:15:15"}
{"level":"info","message":"Created client session fe577d01f0b347b9d4fa2d2a","timestamp":"2026-04-16 09:15:16"}
{"level":"info","message":"Created client session c9db6788ccfe106b74389cd9","timestamp":"2026-04-16 09:15:16"}
{"level":"info","message":"Created client session 7ff3006a63195a521dcc5616","timestamp":"2026-04-16 09:15:16"}
{"level":"info","message":"Created client session 22b153d080ddaa5c42e34faf","timestamp":"2026-04-16 09:15:17"}
{"level":"info","message":"Created client session 58ed986a2fc4ac5791482507","timestamp":"2026-04-16 09:15:17"}
{"level":"info","message":"Created client session 76f95c247625a7f503fa145d","timestamp":"2026-04-16 09:15:17"}
{"level":"info","message":"Created client session 0a9e02dd8bd47dc13515c434","timestamp":"2026-04-16 09:15:17"}
{"level":"info","message":"Created client session 692614ecfee8cf56ac85933b","timestamp":"2026-04-16 09:15:18"}
{"level":"info","message":"Created client session 4ceef340bac3a1449e51537f","timestamp":"2026-04-16 09:15:18"}
{"level":"info","message":"Created client session 3b288afc3c98737e9af9a3c8","timestamp":"2026-04-16 09:15:18"}
{"level":"info","message":"Created client session 072fe9f06ab1ec2b3da6ce04","timestamp":"2026-04-16 09:15:19"}
{"level":"info","message":"Created client session cb679c8e5a0aa74f0369334c","timestamp":"2026-04-16 09:15:19"}
{"level":"info","message":"Created client session 224afacb2eae658c7431417d","timestamp":"2026-04-16 09:15:19"}
{"level":"info","message":"Created client session a389891ea5c1e2288b2a0997","timestamp":"2026-04-16 09:15:20"}
{"level":"info","message":"Created client session a532b2fe2967fda101f69752","timestamp":"2026-04-16 09:15:20"}
{"level":"info","message":"Created client session ac6f997c3e16e35f10ff5ad8","timestamp":"2026-04-16 09:15:21"}
{"level":"info","message":"Created client session 68e74b83e7045f9d1c0893db","timestamp":"2026-04-16 09:15:21"}
{"level":"info","message":"Created client session aecf05eae4df79bc81de6242","timestamp":"2026-04-16 09:15:22"}
{"level":"info","message":"Created client session 1072a2f27b6bf473f6883327","timestamp":"2026-04-16 09:15:22"}
{"level":"info","message":"Created client session 813175bc8ec1e978dee34d28","timestamp":"2026-04-16 09:15:23"}
{"level":"info","message":"Created client session 4c425a1866ca4504d21e21b2","timestamp":"2026-04-16 09:15:23"}
{"level":"info","message":"Created client session 14baacdaddf92eeb09663d6a","timestamp":"2026-04-16 09:15:23"}
{"level":"info","message":"Created client session 6403cefd13336b3ca69d9c42","timestamp":"2026-04-16 09:15:24"}
{"level":"info","message":"Created client session 5acdc500fd76cbe3f57a167d","timestamp":"2026-04-16 09:15:25"}
{"level":"info","message":"Created client session 0ebcf5211ed19ed8fe17f4ed","timestamp":"2026-04-16 09:15:25"}
{"level":"info","message":"Created client session d2953bb50119337be3de1d20","timestamp":"2026-04-16 09:15:25"}
{"level":"info","message":"Created client session 9e916a2888f10128ddcccab0","timestamp":"2026-04-16 09:15:26"}
{"level":"info","message":"Created client session 77f8831783c4e05900569674","timestamp":"2026-04-16 09:15:26"}
{"level":"info","message":"Created client session 71e23852f2f5ef7492cd19d0","timestamp":"2026-04-16 09:15:27"}
{"level":"info","message":"Created client session 278f6a9633d4cbfe2d79721b","timestamp":"2026-04-16 09:15:27"}
{"level":"info","message":"Created client session d9da6ca19e6bbdce2e158c95","timestamp":"2026-04-16 09:15:27"}
{"level":"info","message":"Created client session f511cb364f4964c23cb356c7","timestamp":"2026-04-16 09:15:28"}
{"level":"info","message":"Created client session b66c9419caf31d22a843f349","timestamp":"2026-04-16 09:15:28"}
{"level":"info","message":"Created client session 9dd3763cfe2086dbd3600cee","timestamp":"2026-04-16 09:15:28"}
{"level":"info","message":"Created client session 886b872ad159b1e2d0c39530","timestamp":"2026-04-16 09:15:29"}
{"level":"info","message":"Created client session 4e8a7593f520d236fb96d002","timestamp":"2026-04-16 09:15:29"}
{"level":"info","message":"Created client session d651c27182fc05d2da24b2ef","timestamp":"2026-04-16 09:15:29"}
{"level":"info","message":"Created client session 684dae7118a56a3c2b5eb208","timestamp":"2026-04-16 09:15:30"}
{"level":"info","message":"Created client session c58f87f2c0e58cd6f99f7049","timestamp":"2026-04-16 09:15:30"}
{"level":"info","message":"Created client session c21051650e216f7e9a3f0dbd","timestamp":"2026-04-16 09:15:30"}
{"level":"info","message":"Created client session 0727ed3315119811ab2ef22a","timestamp":"2026-04-16 09:15:31"}
{"level":"info","message":"Created client session 58d2b4a7356eddf47b6c2179","timestamp":"2026-04-16 09:22:20"}
{"level":"info","message":"Created client session 91df9995179b78d290046bd6","timestamp":"2026-04-16 09:25:54"}
{"level":"info","message":"Created client session 0e8bf2b059867db77c3c641b","timestamp":"2026-04-16 09:29:47"}
{"level":"info","message":"Created client session 3443942a3b04e5cd59d268a0","timestamp":"2026-04-16 09:31:54"}
{"level":"info","message":"Created client session cd2aef980b17bb6c7f74cc08","timestamp":"2026-04-16 09:40:17"}
{"level":"info","message":"Created client session 68c4776ea3dda76431a59858","timestamp":"2026-04-16 09:40:18"}
{"level":"info","message":"Created client session 82915d113c40aebe40081916","timestamp":"2026-04-16 09:40:18"}
{"level":"info","message":"Created client session f37cde7a4aafc65afe68bf4f","timestamp":"2026-04-16 10:01:43"}
{"level":"info","message":"Created client session 0587f686f96d4db905fe3145","timestamp":"2026-04-16 10:01:44"}
{"level":"info","message":"Created client session b6d33523286624d58e26419f","timestamp":"2026-04-16 10:09:13"}
{"level":"info","message":"Created client session 6cef76db34b8b67402c558cd","timestamp":"2026-04-16 10:19:15"}
{"level":"info","message":"Created client session 38a6fdbb7a8dc9b830122d88","timestamp":"2026-04-16 10:19:18"}
{"level":"info","message":"Created client session bdc296ad1d47bd023283c597","timestamp":"2026-04-16 10:19:20"}
{"level":"info","message":"Created client session 31c6916b1af0207f7ce84b50","timestamp":"2026-04-16 10:19:21"}
{"level":"info","message":"Created client session 01bdf1db29eb75683393a237","timestamp":"2026-04-16 10:19:23"}
{"level":"info","message":"Created client session 0d0700a40a21b436b9efcaad","timestamp":"2026-04-16 10:48:38"}
{"level":"info","message":"Created client session 2304b0fc8da4af606c173d50","timestamp":"2026-04-16 10:52:13"}
{"level":"info","message":"Created client session 4945a25a6eb0b9db7308e958","timestamp":"2026-04-16 11:10:11"}
{"level":"info","message":"Created client session 19e020846c46cf7f29858f6e","timestamp":"2026-04-16 11:16:06"}
{"level":"info","message":"Created client session 2b7ce730a38856f9a98deaf3","timestamp":"2026-04-16 11:16:06"}
{"level":"info","message":"Created client session a1e998e22702aac902d3febb","timestamp":"2026-04-16 11:27:44"}
{"level":"info","message":"Created client session 061393804372ccde072f861c","timestamp":"2026-04-16 11:29:12"}
{"level":"info","message":"Created client session 8b0eda4aba08a1d2904be73b","timestamp":"2026-04-16 11:49:48"}
{"level":"info","message":"Created client session 5b7593e88a396dfe2096fb14","timestamp":"2026-04-16 11:49:59"}
{"level":"info","message":"Created client session d7c7a13633d09f3c2abd3f1a","timestamp":"2026-04-16 11:50:00"}
{"level":"info","message":"Created client session 9f8d4586b28a97e39dabd3c2","timestamp":"2026-04-16 11:50:00"}
{"level":"info","message":"Created client session 9ba54820bd96fa0ebb5e843d","timestamp":"2026-04-16 11:50:00"}
{"level":"info","message":"Created client session feb0ce87103bc95082c1209c","timestamp":"2026-04-16 11:50:00"}
{"level":"info","message":"Created client session 44d4a2faf408ee5b1d1e7515","timestamp":"2026-04-16 11:50:00"}
{"level":"info","message":"Created client session 660afab09a435ddb1e50daf6","timestamp":"2026-04-16 11:50:01"}
{"level":"info","message":"Created client session 1e3bd4879d582ca4f6c91de0","timestamp":"2026-04-16 11:50:01"}
{"level":"info","message":"Created client session 7d26269736f2f9defb0968ba","timestamp":"2026-04-16 11:50:02"}
{"level":"info","message":"Created client session dc92be1f862693bbbee92239","timestamp":"2026-04-16 11:50:02"}
{"level":"info","message":"Created client session bf536d90cd055396ecbf593d","timestamp":"2026-04-16 11:50:02"}
{"level":"info","message":"Created client session e53f6444a0c3e3f7023c2467","timestamp":"2026-04-16 11:50:02"}
{"level":"info","message":"Created client session 323e68137cbde876710a0709","timestamp":"2026-04-16 11:50:02"}
{"level":"info","message":"Created client session 058d7878f3a35974b8929ff4","timestamp":"2026-04-16 11:50:02"}
{"level":"info","message":"Created client session bb0a54ceecb3b09786a2ebbf","timestamp":"2026-04-16 11:50:03"}
{"level":"info","message":"Created client session 7dd047eb85666018a7912de1","timestamp":"2026-04-16 11:50:03"}
{"level":"info","message":"Created client session 95375e08bcd092e8d535c0e8","timestamp":"2026-04-16 11:50:03"}
{"level":"info","message":"Created client session 1b333f22d2d806cc1fe97cb4","timestamp":"2026-04-16 11:50:03"}
{"level":"info","message":"Created client session 5ec5fb56b3fb143e24c95ef2","timestamp":"2026-04-16 11:50:04"}
{"level":"info","message":"Created client session 80e7d24c33248e23c49905e1","timestamp":"2026-04-16 11:56:24"}
{"level":"info","message":"Created client session 06b96283fb131b140088dead","timestamp":"2026-04-16 11:59:18"}
{"level":"info","message":"Created client session b1e74cee52ebb413ce92a3ac","timestamp":"2026-04-16 11:59:22"}
{"level":"info","message":"Created client session 541cc8d0105e272859170a19","timestamp":"2026-04-16 12:00:20"}
{"level":"info","message":"Created client session c5334e4255dc821ab08255cf","timestamp":"2026-04-16 12:08:47"}
{"level":"info","message":"Created client session 9924cbb60786b5f3d7955b46","timestamp":"2026-04-16 12:09:19"}
{"level":"info","message":"Created client session 3b1bf2a9a73367f4c9cf9079","timestamp":"2026-04-16 12:42:33"}
{"level":"info","message":"Shutting down Foundry Virtual Tabletop server","timestamp":"2026-04-16 13:20:27"}
{"level":"info","message":"Running on Node.js - Version 24.14.1","timestamp":"2026-04-16 13:20:45"}
{"level":"info","message":"Foundry Virtual Tabletop - Version 14 Build 359","timestamp":"2026-04-16 13:20:45"}
{"level":"info","message":"User Data Directory - \"/home/foundry/data\"","timestamp":"2026-04-16 13:20:45"}
{"level":"info","message":"Application Options:\n{\n  \"compressStatic\": true,\n  \"fullscreen\": false,\n  \"hostname\": null,\n  \"language\": \"en.core\",\n  \"localHostname\": null,\n  \"port\": 30000,\n  \"proxyPort\": null,\n  \"proxySSL\": false,\n  \"routePrefix\": null,\n  \"updateChannel\": \"stable\",\n  \"upnp\": true,\n  \"awsConfig\": null,\n  \"compressSocket\": true,\n  \"cssTheme\": \"dark\",\n  \"tempDir\": null,\n  \"deleteNEDB\": false,\n  \"hotReload\": false,\n  \"passwordSalt\": null,\n  \"adminPassword\": \"••••••••••••••••\",\n  \"unixSocket\": null,\n  \"sslCert\": null,\n  \"sslKey\": null,\n  \"world\": null,\n  \"serviceConfig\": null,\n  \"telemetry\": false,\n  \"noBackups\": false\n}","timestamp":"2026-04-16 13:20:45"}
{"level":"info","message":"Software license verification succeeded","timestamp":"2026-04-16 13:20:45"}
{"level":"info","message":"Requesting UPnP port forwarding to destination port 30000","timestamp":"2026-04-16 13:20:45"}
{"level":"info","message":"Server started and listening on port 30000","timestamp":"2026-04-16 13:20:48"}
{"level":"info","message":"Created client session 47d8237de88564fdf53e4826","timestamp":"2026-04-16 13:22:56"}
{"level":"info","message":"Created client session e201a7cbbb80c3e7a5078e43","timestamp":"2026-04-16 13:37:13"}
{"level":"info","message":"Created client session cae6e110f589c05ccd24f9ef","timestamp":"2026-04-16 13:37:23"}
{"level":"info","message":"Created client session a307a3dab064be2c43109324","timestamp":"2026-04-16 13:37:23"}
{"level":"info","message":"Created client session c2ca14f4d2198b4d3755b8ab","timestamp":"2026-04-16 13:37:23"}
{"level":"info","message":"Created client session 645d8b40be22b735567b7285","timestamp":"2026-04-16 13:37:24"}
{"level":"info","message":"Created client session 1534948d3a85a82dc1365eb2","timestamp":"2026-04-16 13:37:24"}
{"level":"info","message":"Created client session 0b7b9d5e4b5fbbdcecaf44b8","timestamp":"2026-04-16 13:37:24"}
{"level":"info","message":"Created client session 431475e428761c79a1ad2bff","timestamp":"2026-04-16 13:37:24"}
{"level":"info","message":"Created client session 8cdcc3ce7d342d2c76a438c8","timestamp":"2026-04-16 13:37:24"}
{"level":"info","message":"Created client session 89da1cc089f109577ea6d087","timestamp":"2026-04-16 13:37:24"}
{"level":"info","message":"Created client session 28d6d9ca6a07e8090e971ed7","timestamp":"2026-04-16 13:37:24"}
{"level":"info","message":"Created client session 4e81570720e860a1a21947a2","timestamp":"2026-04-16 13:37:25"}
{"level":"info","message":"Created client session a45817211bd14b8ab86159a7","timestamp":"2026-04-16 13:37:25"}
{"level":"info","message":"Created client session c4d97658dad2c79a2dd1c7f6","timestamp":"2026-04-16 13:37:25"}
{"level":"info","message":"Created client session 4e887bad98e7f46941a12b39","timestamp":"2026-04-16 13:37:25"}
{"level":"info","message":"Created client session 717cab6c806f157a0ec12ba2","timestamp":"2026-04-16 13:37:25"}
{"level":"info","message":"Created client session 6d6f65aa3becfbb438f89d62","timestamp":"2026-04-16 13:37:25"}
{"level":"info","message":"Created client session 93da8ab523d48dbc8b40426b","timestamp":"2026-04-16 13:37:25"}
{"level":"info","message":"Created client session 57cdd4f89eb7e58bc94f1ee3","timestamp":"2026-04-16 13:37:26"}
{"level":"info","message":"Created client session 2266bf56c7340eda2152104d","timestamp":"2026-04-16 13:37:26"}
{"level":"info","message":"Created client session 3acf5b90a7b20be3ff78c7d6","timestamp":"2026-04-16 13:42:31"}
{"level":"info","message":"Created client session d89b651b00ced3f56c1fe225","timestamp":"2026-04-16 13:42:31"}
{"level":"info","message":"Created client session 136ca5c154b899eb1aff6213","timestamp":"2026-04-16 13:42:34"}
{"level":"info","message":"Created client session 656c25fc61f5057b0a06172a","timestamp":"2026-04-16 13:42:37"}
{"level":"info","message":"Created client session b2038a717dbbb8fae5e26941","timestamp":"2026-04-16 13:42:51"}
{"level":"info","message":"Created client session 559937b5ac0ab4fb1e182855","timestamp":"2026-04-16 13:43:11"}
{"level":"info","message":"Created client session a2716a1f53ed793428238818","timestamp":"2026-04-16 13:43:29"}
{"level":"info","message":"Created client session c4160c56cb8b5f6c827d01af","timestamp":"2026-04-16 13:43:53"}
{"level":"info","message":"Created client session 4fc0345aa15b5d4141debe92","timestamp":"2026-04-16 13:43:53"}
{"level":"info","message":"Created client session 2dd9f2393411748f18709ffe","timestamp":"2026-04-16 13:43:54"}
{"level":"info","message":"Created client session 8933a17601c2d2ed13206596","timestamp":"2026-04-16 13:44:18"}
{"level":"info","message":"Created client session 8f9271d47c59d5062855981d","timestamp":"2026-04-16 13:44:33"}
{"level":"info","message":"Created client session 3624fc31f56aef7e97f81b69","timestamp":"2026-04-16 13:44:35"}
{"level":"info","message":"Created client session a1ca78906d58b355fa5bc952","timestamp":"2026-04-16 13:44:43"}
{"level":"info","message":"Created client session 6f1b8cb110a94512ac083a81","timestamp":"2026-04-16 13:44:54"}
{"level":"info","message":"Created client session f25824805c9db58a489617f9","timestamp":"2026-04-16 13:45:02"}
{"level":"info","message":"Created client session ffe2efb00734818de6a0bc19","timestamp":"2026-04-16 13:45:10"}
{"level":"info","message":"Created client session b908ba5a0c36410c98f431eb","timestamp":"2026-04-16 13:45:16"}
{"level":"info","message":"Created client session d3f28f52caf65ea47b6219e6","timestamp":"2026-04-16 13:45:22"}
{"level":"info","message":"Created client session 8dd73dc7c18918384705038f","timestamp":"2026-04-16 13:45:30"}
{"level":"info","message":"Created client session 7fa97269c033177d760e06bc","timestamp":"2026-04-16 13:45:35"}
{"level":"info","message":"Created client session ce50a596f9a75a8600fbd77d","timestamp":"2026-04-16 13:45:40"}
{"level":"info","message":"Created client session 1eab3f475e0754ba90829eb5","timestamp":"2026-04-16 13:45:46"}
{"level":"info","message":"Created client session 97f5c76a9a1ae23817043073","timestamp":"2026-04-16 13:45:52"}
{"level":"info","message":"Created client session f99dce8729efe81ba4bef352","timestamp":"2026-04-16 13:45:58"}
{"level":"info","message":"Created client session ed39f18e5435ef7de5e11460","timestamp":"2026-04-16 13:46:03"}
{"level":"info","message":"Created client session 6c6c3b15a177bf3e23fdd330","timestamp":"2026-04-16 13:46:09"}
{"level":"info","message":"Created client session 3a58e19e2593d8af3a86a02b","timestamp":"2026-04-16 13:46:14"}
{"level":"info","message":"Created client session 53d66aa620abce48e6536f76","timestamp":"2026-04-16 13:46:22"}
{"level":"info","message":"Created client session 8a6bffcfe15beac64020ebac","timestamp":"2026-04-16 13:46:22"}
{"level":"info","message":"Created client session a88d190a221b0012ca0d262b","timestamp":"2026-04-16 13:46:23"}
{"level":"info","message":"Created client session 11175d682171ecf3b26e8617","timestamp":"2026-04-16 13:46:28"}
{"level":"info","message":"Created client session 545fbe01c3b007e49cce38cf","timestamp":"2026-04-16 13:46:28"}
{"level":"info","message":"Created client session 7e17e2efaaa60b07be32062d","timestamp":"2026-04-16 13:46:29"}
{"level":"info","message":"Created client session 9eae2b16522b3ae68be4ce83","timestamp":"2026-04-16 13:46:39"}
{"level":"info","message":"Created client session f8671d5637f0285393e1ba75","timestamp":"2026-04-16 13:46:40"}
{"level":"info","message":"Created client session d92b48b9368842af8d349060","timestamp":"2026-04-16 13:46:46"}
{"level":"info","message":"Created client session b749b2d511926de46c354795","timestamp":"2026-04-16 13:46:54"}
{"level":"info","message":"Created client session f1961ce7368500804a97c87c","timestamp":"2026-04-16 13:47:02"}
{"level":"info","message":"Created client session 7497b176ec76be026192b710","timestamp":"2026-04-16 13:47:09"}
{"level":"info","message":"Created client session 8a8bce4d1d08091900d438bf","timestamp":"2026-04-16 14:41:14"}
{"level":"info","message":"Created client session 5aa59bde4fad42759da5fec0","timestamp":"2026-04-16 14:41:15"}
{"level":"info","message":"Created client session 7fdd7c59a25c786459e3b32a","timestamp":"2026-04-16 14:41:15"}
{"level":"info","message":"Created client session 86a1017decc5d11302afbcca","timestamp":"2026-04-16 14:41:20"}
{"level":"info","message":"Created client session 316401b706b4921b90886a08","timestamp":"2026-04-16 14:41:20"}
{"level":"info","message":"Created client session 87dac850177b10f76adf2726","timestamp":"2026-04-16 14:41:20"}
{"level":"info","message":"Created client session 2e30a1aaa0e12e894f109dca","timestamp":"2026-04-16 14:41:24"}
{"level":"info","message":"Created client session 4c7c1208ee912cb4b2d5eb32","timestamp":"2026-04-16 14:41:24"}
{"level":"info","message":"Created client session dcbb06b971b4a9a0ca51455e","timestamp":"2026-04-16 14:41:25"}
{"level":"info","message":"Created client session 9d926b961142a703ba392424","timestamp":"2026-04-16 14:41:25"}
{"level":"info","message":"Created client session 70e841f26a181808e2668f8e","timestamp":"2026-04-16 14:41:28"}
{"level":"info","message":"Created client session 78082916100c3f55b72dbcca","timestamp":"2026-04-16 14:41:29"}
{"level":"info","message":"Created client session cfc6209006308c87fca8732c","timestamp":"2026-04-16 14:41:30"}
{"level":"info","message":"Created client session 4379693ecbb9633a0ae5121b","timestamp":"2026-04-16 14:41:30"}
{"level":"info","message":"Created client session 5ce3ce312b263b0727e2877b","timestamp":"2026-04-16 14:41:31"}
{"level":"info","message":"Created client session 1b8fa4c6dec8f98889b0ee04","timestamp":"2026-04-16 14:41:31"}
{"level":"info","message":"Created client session 6c8d464c3644f8fcf232ba53","timestamp":"2026-04-16 14:41:32"}
{"level":"info","message":"Created client session f8a5849905b18e8050497863","timestamp":"2026-04-16 14:41:32"}
{"level":"info","message":"Created client session bca43bcef56b032b5d71facc","timestamp":"2026-04-16 14:45:32"}
{"level":"info","message":"Created client session f032bf1d3302770ab1c2e9c4","timestamp":"2026-04-16 15:00:54"}
{"level":"info","message":"Created client session 9e43bf5826c864cf8197da9d","timestamp":"2026-04-16 15:14:35"}
{"level":"info","message":"Created client session dabe6d51822823083d69ebd2","timestamp":"2026-04-16 15:17:08"}
{"level":"info","message":"Created client session 900de7bc59ca2886f04e6bcb","timestamp":"2026-04-16 15:17:08"}
{"level":"info","message":"Created client session 73a6ed0557b625816ddc2e57","timestamp":"2026-04-16 15:18:15"}
{"level":"info","message":"Created client session 14e6c68f077a19db6fd58a9e","timestamp":"2026-04-16 15:33:27"}
{"level":"info","message":"Created client session 73ecc24a82462eaa4a1040f0","timestamp":"2026-04-16 15:33:30"}
{"level":"info","message":"Created client session 3f89451e9da6f71bed682aec","timestamp":"2026-04-16 16:07:11"}
{"level":"info","message":"Created client session f8977988daf5459690b62c2d","timestamp":"2026-04-16 16:07:12"}
{"level":"info","message":"Created client session a2315fb333d5c093419b586f","timestamp":"2026-04-16 16:21:03"}
{"level":"info","message":"Created client session c8ac0a97e53ec38ac11f656d","timestamp":"2026-04-16 16:22:04"}
{"level":"info","message":"Created client session 82d02c28ee631931187d24cc","timestamp":"2026-04-16 16:47:18"}
{"level":"info","message":"Created client session 6ede560ac1fa8f2aa83e446b","timestamp":"2026-04-16 17:03:30"}
{"level":"info","message":"Created client session 093d3051cda5fcc9af9dc07d","timestamp":"2026-04-16 17:04:55"}
{"level":"info","message":"Created client session 5b7eee0cf71ab7123a78f230","timestamp":"2026-04-16 17:41:22"}
{"level":"info","message":"Created client session 1c8a3d5ca8685023b9d21042","timestamp":"2026-04-16 17:41:22"}
{"level":"info","message":"Created client session ed27c9e37f1f0d2848dd20f9","timestamp":"2026-04-16 18:01:06"}
{"level":"info","message":"Created client session b986bc9141de09386f729b8a","timestamp":"2026-04-16 18:01:06"}
{"level":"info","message":"Created client session f10b77a2aa240ba6e83f090c","timestamp":"2026-04-16 18:05:52"}
{"level":"info","message":"Created client session ed4f59b06ab6a60138727b47","timestamp":"2026-04-16 18:05:53"}
{"level":"info","message":"Created client session 30ac911981288e8ee0ee6e20","timestamp":"2026-04-16 18:08:08"}
{"level":"info","message":"Created client session f347199778a60c3fbc29a2be","timestamp":"2026-04-16 18:08:31"}
{"level":"info","message":"Created client session 45bf0a02836678f6a91db9bb","timestamp":"2026-04-16 18:08:32"}
{"level":"info","message":"Created client session 86911bf2d25a4e9f87078c19","timestamp":"2026-04-16 18:08:33"}
{"level":"info","message":"Created client session 7a51c80443ce31a0c9509c33","timestamp":"2026-04-16 18:08:33"}
{"level":"info","message":"Created client session 6bac5ef73c0c29fba9156ebe","timestamp":"2026-04-16 18:08:33"}
{"level":"info","message":"Created client session 9930f739d9e52bfee4c9c415","timestamp":"2026-04-16 18:08:33"}
{"level":"info","message":"Created client session 9f04170057f279d640ce3696","timestamp":"2026-04-16 18:08:33"}
{"level":"info","message":"Created client session 79823a1382df7fea6c1f04eb","timestamp":"2026-04-16 18:08:34"}
{"level":"info","message":"Created client session 9a43e459af4d37243e796749","timestamp":"2026-04-16 18:08:34"}
{"level":"info","message":"Created client session 162584938b9e08ac5bc0382b","timestamp":"2026-04-16 18:08:34"}
{"level":"info","message":"Created client session 17aada494082d5f5dfcd65c0","timestamp":"2026-04-16 18:08:34"}
{"level":"info","message":"Created client session 6a69eb184b54fd370dc1fd0a","timestamp":"2026-04-16 18:08:35"}
{"level":"info","message":"Created client session 1fa137b01f082fe72c18dc0c","timestamp":"2026-04-16 18:08:35"}
{"level":"info","message":"Created client session 996f0a0ec0a5414dd8356b39","timestamp":"2026-04-16 18:08:35"}
{"level":"info","message":"Created client session bba1b49c6f366041f471eea9","timestamp":"2026-04-16 18:08:35"}
{"level":"info","message":"Created client session abe7e46a9893d8c2e6132e5c","timestamp":"2026-04-16 18:08:35"}
{"level":"info","message":"Created client session f40e2033358fcd6f2401bd7a","timestamp":"2026-04-16 18:08:36"}
{"level":"info","message":"Created client session 5e6548de8652f96a6c47ad46","timestamp":"2026-04-16 18:08:36"}
{"level":"info","message":"Created client session 5b136fd288dec9dee1fa2147","timestamp":"2026-04-16 18:08:36"}
{"level":"info","message":"Created client session 6311b667403a3ee48e149be8","timestamp":"2026-04-16 18:08:37"}
{"level":"info","message":"Created client session 4ab944c7b7a7ce181ef1abf7","timestamp":"2026-04-16 18:16:35"}
{"level":"info","message":"Created client session f87271f92ecca48b75162845","timestamp":"2026-04-16 18:45:05"}
{"level":"info","message":"Created client session 3d13dbf1937b90727d6e9c70","timestamp":"2026-04-16 19:07:12"}
{"level":"info","message":"Created client session 5be7d19c0be01af191420fe5","timestamp":"2026-04-16 19:07:13"}
{"level":"info","message":"Created client session b16dbbd042707f5749fc29bd","timestamp":"2026-04-16 19:10:00"}
{"level":"info","message":"Created client session 3a8b90847774be5c1337502e","timestamp":"2026-04-16 19:24:12"}
{"level":"info","message":"Created client session e1084102253ac69b8abdd22f","timestamp":"2026-04-16 19:24:12"}
{"level":"info","message":"Created client session 8d0f769788f8c0c33d8d2593","timestamp":"2026-04-16 19:30:34"}
{"level":"info","message":"Created client session c0b1f3cdf20f6c675d4a4474","timestamp":"2026-04-16 19:30:36"}
{"level":"info","message":"Created client session cece2e2935699751894ce3ab","timestamp":"2026-04-16 19:30:38"}
{"level":"info","message":"Created client session 45d0d798d92cc804431ff70a","timestamp":"2026-04-16 19:30:56"}
{"level":"info","message":"Created client session e2b678b765d7d81078a9cb4e","timestamp":"2026-04-16 19:50:12"}
{"level":"info","message":"Created client session 791ae44d6040473ef9aed011","timestamp":"2026-04-16 19:50:12"}
{"level":"info","message":"Created client session 50b1f56ca88a05bedb35801c","timestamp":"2026-04-16 19:50:12"}
{"level":"info","message":"Created client session 927b32d3e9427674e290b2f7","timestamp":"2026-04-16 20:04:54"}
{"level":"info","message":"Created client session 65399013dd92dc99025b4b2f","timestamp":"2026-04-16 20:27:18"}
{"level":"info","message":"Created client session 31d485eed98485976880e7b1","timestamp":"2026-04-16 20:27:18"}
{"level":"info","message":"Created client session 997293a240239e6ea6abbb8a","timestamp":"2026-04-16 20:27:35"}
{"level":"info","message":"Created client session 1cc40bf75818ec41f9c70773","timestamp":"2026-04-16 20:29:17"}
{"level":"info","message":"Created client session 5c24c924795049e26c2ae4a7","timestamp":"2026-04-16 20:29:17"}
{"level":"info","message":"Created client session 78a4f3f1a3cc33ba8e0ce8b5","timestamp":"2026-04-16 20:48:05"}
{"level":"info","message":"Created client session 3ca377da147694aff949bbba","timestamp":"2026-04-16 21:54:32"}
{"level":"info","message":"Created client session 62350e97927c5ab046792c28","timestamp":"2026-04-16 21:54:32"}
{"level":"info","message":"Created client session 16fad4f5c23aaa0ab14afa39","timestamp":"2026-04-16 21:54:33"}
{"level":"info","message":"Created client session 66cbdba3ae9fa1b8fcb2f069","timestamp":"2026-04-16 21:54:33"}
{"level":"info","message":"Created client session 5aee839e6a6bb91b9c3a0896","timestamp":"2026-04-16 22:22:50"}
{"level":"info","message":"Created client session d8f6a24e4f9b76b8a9d0b0ca","timestamp":"2026-04-16 22:22:51"}
{"level":"info","message":"Created client session 0242ce3f8aeea9e5e9a8de52","timestamp":"2026-04-16 22:35:52"}
{"level":"info","message":"Created client session 6be5ec50c55c37e066afca18","timestamp":"2026-04-16 22:35:52"}
{"level":"info","message":"Created client session 0392f31b4ea3e47acddb438e","timestamp":"2026-04-16 22:50:45"}
{"level":"info","message":"Created client session 3aa62f85903cef10604aac40","timestamp":"2026-04-16 22:52:30"}
{"level":"info","message":"Created client session 6805f6f848d10472010cd5bd","timestamp":"2026-04-16 22:52:30"}
{"level":"info","message":"Created client session c152731c8d441d1ff06b9821","timestamp":"2026-04-16 23:03:42"}
{"level":"info","message":"Created client session c1b60699ef842befb0dbb480","timestamp":"2026-04-16 23:03:43"}
{"level":"info","message":"Created client session db2413db0a0f67ea5f891add","timestamp":"2026-04-16 23:44:42"}
{"level":"info","message":"Created client session eced12c3382ca6535cb1c1ff","timestamp":"2026-04-16 23:44:57"}
{"level":"info","message":"Created client session f85c6f9a1a1647a930c362a8","timestamp":"2026-04-16 23:44:59"}
{"level":"info","message":"Created client session d818d1d3445dbb67de2fe9a2","timestamp":"2026-04-16 23:44:59"}
{"level":"info","message":"Created client session 42472c882a134b447ef61900","timestamp":"2026-04-16 23:44:59"}
{"level":"info","message":"Created client session 05a6d95d3ec5e9e2c192fbd7","timestamp":"2026-04-16 23:44:59"}
{"level":"info","message":"Created client session 38e508bf2f35a555714c1f69","timestamp":"2026-04-16 23:44:59"}
{"level":"info","message":"Created client session a2f522043fefb7732c772a2d","timestamp":"2026-04-16 23:44:59"}
{"level":"info","message":"Created client session 9027fa231e26b2e2c7a037fd","timestamp":"2026-04-16 23:44:59"}
{"level":"info","message":"Created client session 198635946de15a4a28cf74f9","timestamp":"2026-04-16 23:45:00"}
{"level":"info","message":"Created client session 85ab0aba5ecde52b5c231ffc","timestamp":"2026-04-16 23:45:00"}
{"level":"info","message":"Created client session 859bc10e26444c49274d1043","timestamp":"2026-04-16 23:45:00"}
{"level":"info","message":"Created client session 28125ba0958c3686306f1513","timestamp":"2026-04-16 23:45:00"}
{"level":"info","message":"Created client session 4fef56c395ee78f890be88f5","timestamp":"2026-04-16 23:45:00"}
{"level":"info","message":"Created client session 28da6788b5ca5ebf5ca052e9","timestamp":"2026-04-16 23:45:00"}
{"level":"info","message":"Created client session d633c64b13f3de4731db860b","timestamp":"2026-04-16 23:45:01"}
{"level":"info","message":"Created client session 9ddafc9bf2f38a148d9895c5","timestamp":"2026-04-16 23:45:01"}
{"level":"info","message":"Created client session 503b313c027c939d6287419f","timestamp":"2026-04-16 23:45:01"}
{"level":"info","message":"Created client session 843218e5135f3d2354978297","timestamp":"2026-04-16 23:45:01"}
{"level":"info","message":"Created client session 3c9fd1ba5efa532467f34e62","timestamp":"2026-04-16 23:45:01"}
{"level":"info","message":"Created client session 32d7f1a782aba18a69884380","timestamp":"2026-04-16 23:45:01"}
{"level":"info","message":"Created client session 58b10b55be15a3095fd267a7","timestamp":"2026-04-16 23:46:06"}
