{"level":"info","message":"Created client session 423fe32420e7751b8bddc2d9","timestamp":"2026-04-07 00:28:44"}
{"level":"info","message":"Created client session 2c0d6ae00eaabd05ce442742","timestamp":"2026-04-07 00:30:28"}
{"level":"info","message":"Created client session 018954e025f3252d9e8e54dc","timestamp":"2026-04-07 00:44:56"}
{"level":"info","message":"Created client session d52f2a80353e032fef3065ba","timestamp":"2026-04-07 01:33:17"}
{"level":"info","message":"Created client session e3de9da31f1f7fc3630e6cbc","timestamp":"2026-04-07 01:58:45"}
{"level":"info","message":"Created client session 7977640f632f87cc60b10e18","timestamp":"2026-04-07 02:00:40"}
{"level":"info","message":"Created client session ea46d8e08181a2e9df648081","timestamp":"2026-04-07 02:04:14"}
{"level":"info","message":"Created client session 7439c6642023531faeeba94c","timestamp":"2026-04-07 03:07:09"}
{"level":"info","message":"Created client session e0dcee4194b6c12d8db125ca","timestamp":"2026-04-07 03:15:09"}
{"level":"info","message":"Created client session c0455d19e6daaf17dafca252","timestamp":"2026-04-07 03:15:12"}
{"level":"info","message":"Created client session 50a0b182387e09aa1439196e","timestamp":"2026-04-07 03:15:26"}
{"level":"info","message":"Created client session 3816495ae7d46fa0012d62d0","timestamp":"2026-04-07 03:44:33"}
{"level":"info","message":"Created client session 5269c41d71f76ae570ee6bf3","timestamp":"2026-04-07 03:56:33"}
{"level":"info","message":"Created client session df891a93d4653f5161b2e0de","timestamp":"2026-04-07 04:12:14"}
{"level":"info","message":"Created client session f823dd1e098b518794e124fe","timestamp":"2026-04-07 04:46:36"}
{"level":"info","message":"Created client session f0b198109df262b2211417db","timestamp":"2026-04-07 04:46:40"}
{"level":"info","message":"Created client session 719872cf6734ad180e8905b2","timestamp":"2026-04-07 04:46:40"}
{"level":"info","message":"Created client session d8e55ed78e108e1e1d325a8e","timestamp":"2026-04-07 04:46:40"}
{"level":"info","message":"Created client session 2fc5e855dd48934b9368b6b1","timestamp":"2026-04-07 04:46:40"}
{"level":"info","message":"Created client session b8ffe400058c337724ef17ab","timestamp":"2026-04-07 04:46:40"}
{"level":"info","message":"Created client session 53aa13231bb82d9c84cca2b3","timestamp":"2026-04-07 04:46:41"}
{"level":"info","message":"Created client session 6c720c0e6da1ea8f297e9445","timestamp":"2026-04-07 04:46:41"}
{"level":"info","message":"Created client session 73bbd9e7bdaafa6dd954c8fd","timestamp":"2026-04-07 04:46:41"}
{"level":"info","message":"Created client session 20d0ac777f883ce5c438fe90","timestamp":"2026-04-07 04:46:42"}
{"level":"info","message":"Created client session 2d5637c6ebb1517b479ae8fc","timestamp":"2026-04-07 04:46:42"}
{"level":"info","message":"Created client session a12e469ce114aaf8595f9d00","timestamp":"2026-04-07 04:46:42"}
{"level":"info","message":"Created client session 233180c20fcad2222dc9ab99","timestamp":"2026-04-07 04:46:42"}
{"level":"info","message":"Created client session de062e4ab436c9d0f4ffe3db","timestamp":"2026-04-07 04:46:42"}
{"level":"info","message":"Created client session b59e355addbd13e739aca3b9","timestamp":"2026-04-07 04:46:42"}
{"level":"info","message":"Created client session af4b4d7f89979971c44366d5","timestamp":"2026-04-07 04:46:42"}
{"level":"info","message":"Created client session 05fca504b6fff5b24fdd3c4e","timestamp":"2026-04-07 04:46:42"}
{"level":"info","message":"Created client session 69058929d782fe66a144b4c3","timestamp":"2026-04-07 04:46:42"}
{"level":"info","message":"Created client session ef667e9093bb9697855f1781","timestamp":"2026-04-07 04:46:42"}
{"level":"info","message":"Created client session 39b3f705bcc3b3ecf67236c5","timestamp":"2026-04-07 04:46:42"}
{"level":"info","message":"Created client session d207bc4b332b7b89887429cc","timestamp":"2026-04-07 04:46:42"}
{"level":"info","message":"Created client session 3ad1b8224ec25128c27ba9f5","timestamp":"2026-04-07 04:46:43"}
{"level":"info","message":"Created client session 07bb7bdab71752702b9e420a","timestamp":"2026-04-07 04:46:43"}
{"level":"info","message":"Created client session 8b2d533458f4713690c29927","timestamp":"2026-04-07 04:46:43"}
{"level":"info","message":"Created client session 0d674925547871bba4227efb","timestamp":"2026-04-07 04:46:43"}
{"level":"info","message":"Created client session e0e453a2da770ffac62faedf","timestamp":"2026-04-07 04:46:43"}
{"level":"info","message":"Created client session 62f1c66c63c8a1b18cbc7de9","timestamp":"2026-04-07 04:46:43"}
{"level":"info","message":"Created client session 36c4e5bd5194cdeac24f47b4","timestamp":"2026-04-07 04:46:43"}
{"level":"info","message":"Created client session 815fae6743ff39711289234d","timestamp":"2026-04-07 04:46:43"}
{"level":"info","message":"Created client session 33e49161ccab95bfa3eaf024","timestamp":"2026-04-07 04:46:44"}
{"level":"info","message":"Created client session dc3bb4bfdcd0dfdfd93915e1","timestamp":"2026-04-07 04:46:45"}
{"level":"info","message":"Created client session a882894700a35adf132d4b0b","timestamp":"2026-04-07 04:46:45"}
{"level":"info","message":"Created client session 446e84fc00569dc4b2bf318d","timestamp":"2026-04-07 04:46:45"}
{"level":"info","message":"Created client session 5b3411fc91f139de63e7374c","timestamp":"2026-04-07 04:56:34"}
{"level":"info","message":"Created client session 678c1d542509fce44b00e915","timestamp":"2026-04-07 04:56:34"}
{"level":"info","message":"Created client session 180fc857cc2d9d2ebbfa8e34","timestamp":"2026-04-07 04:56:34"}
{"level":"info","message":"Created client session 977b452f55528c58ae142843","timestamp":"2026-04-07 04:56:34"}
{"level":"info","message":"Created client session 40d4f6192989716456dec671","timestamp":"2026-04-07 04:56:35"}
{"level":"info","message":"Created client session ef41d9724454ae1486e56cf1","timestamp":"2026-04-07 04:56:35"}
{"level":"info","message":"Created client session 8444782381b09bdb7bae9d2e","timestamp":"2026-04-07 04:56:35"}
{"level":"info","message":"Created client session 8b0ea4dc60f684fdb2cb3411","timestamp":"2026-04-07 04:56:35"}
{"level":"info","message":"Created client session 398b02671fa3ab0ba010a8fa","timestamp":"2026-04-07 04:56:36"}
{"level":"info","message":"Created client session 3e172375f862564c3fbbf43f","timestamp":"2026-04-07 04:56:36"}
{"level":"info","message":"Created client session a265f8bd7eb237382ac7a02c","timestamp":"2026-04-07 04:56:36"}
{"level":"info","message":"Created client session 0d7ce2f7c25ca7857251629b","timestamp":"2026-04-07 04:56:37"}
{"level":"info","message":"Created client session 5b45fb4408cfd7b63295fcec","timestamp":"2026-04-07 04:56:37"}
{"level":"info","message":"Created client session 93b362dfd7939e0648cde6d5","timestamp":"2026-04-07 04:56:37"}
{"level":"info","message":"Created client session 514a7ad7a9d00e1b751a808a","timestamp":"2026-04-07 04:56:38"}
{"level":"info","message":"Created client session 571b769215504bb0bc396476","timestamp":"2026-04-07 04:56:38"}
{"level":"info","message":"Created client session b595ec10bb036599fbd542ef","timestamp":"2026-04-07 04:56:39"}
{"level":"info","message":"Created client session 171f2b2dafc9d4997ab41331","timestamp":"2026-04-07 04:56:39"}
{"level":"info","message":"Created client session 7d80a41e73bf59c71007b0c8","timestamp":"2026-04-07 04:56:39"}
{"level":"info","message":"Created client session 12f2b372874c3630eee056dd","timestamp":"2026-04-07 04:56:39"}
{"level":"info","message":"Created client session 3f0f4c6c976ba7b8cd69ff9a","timestamp":"2026-04-07 04:56:40"}
{"level":"info","message":"Created client session 412c755b1f892f49b96f2603","timestamp":"2026-04-07 04:56:40"}
{"level":"info","message":"Created client session ff1193a40cf2b22c2e5f95f5","timestamp":"2026-04-07 04:56:40"}
{"level":"info","message":"Created client session 4a05908e5159f890db29cc24","timestamp":"2026-04-07 04:56:41"}
{"level":"info","message":"Created client session e21950a89e25692e82d354db","timestamp":"2026-04-07 04:56:41"}
{"level":"info","message":"Created client session db4bd73bc938ada177995e81","timestamp":"2026-04-07 04:56:41"}
{"level":"info","message":"Created client session 6c706336834d479243caccf2","timestamp":"2026-04-07 04:56:41"}
{"level":"info","message":"Created client session 303ba0fce74307215510f63a","timestamp":"2026-04-07 04:56:42"}
{"level":"info","message":"Created client session 0ecb2fc75c5dd6b0bd7fbc95","timestamp":"2026-04-07 04:56:42"}
{"level":"info","message":"Created client session 5dac1c9ab65ecb6f8582da0a","timestamp":"2026-04-07 04:56:42"}
{"level":"info","message":"Created client session 9cd02df721b11be4792f48be","timestamp":"2026-04-07 04:56:42"}
{"level":"info","message":"Created client session 4e72713ab2e5d54aeb0fd37c","timestamp":"2026-04-07 04:56:43"}
{"level":"info","message":"Created client session 56fe7113f97cb9441b03709c","timestamp":"2026-04-07 04:56:43"}
{"level":"info","message":"Created client session b64d3b86dfa2961d59b66a1c","timestamp":"2026-04-07 04:56:43"}
{"level":"info","message":"Created client session 2f93604372a9efe14f4c9852","timestamp":"2026-04-07 04:56:44"}
{"level":"info","message":"Created client session 538a77246683aea0bba4fcd9","timestamp":"2026-04-07 04:56:44"}
{"level":"info","message":"Created client session 54e52e8e1bdab544ef1f10fc","timestamp":"2026-04-07 04:56:44"}
{"level":"info","message":"Created client session ed5c24efb3b5e97821337d4d","timestamp":"2026-04-07 04:56:44"}
{"level":"info","message":"Created client session a4d57c9983f2dcdd9bab6d2c","timestamp":"2026-04-07 04:56:45"}
{"level":"info","message":"Created client session f144a9e914a6d64c77467dc4","timestamp":"2026-04-07 04:56:45"}
{"level":"info","message":"Created client session 30da4a6181419c45aea6c738","timestamp":"2026-04-07 04:56:45"}
{"level":"info","message":"Created client session fc6ec1e7d1bc470d74055c85","timestamp":"2026-04-07 04:56:46"}
{"level":"info","message":"Created client session d6f3003fda9af9969684a38d","timestamp":"2026-04-07 04:56:46"}
{"level":"info","message":"Created client session 2223eff3fc91265f813709cb","timestamp":"2026-04-07 04:56:46"}
{"level":"info","message":"Created client session 56cff8d45248fca99a6b3d8b","timestamp":"2026-04-07 05:11:12"}
{"level":"info","message":"Created client session 456a8256b307a0b1a00ba771","timestamp":"2026-04-07 05:13:00"}
{"level":"info","message":"Created client session f6fb6a0c6a0ef1c28caeff04","timestamp":"2026-04-07 05:36:42"}
{"level":"info","message":"Created client session e0297e0a4f00bf11a2913a98","timestamp":"2026-04-07 06:33:24"}
{"level":"info","message":"Created client session 99ed6a5dff67d9b6499c556b","timestamp":"2026-04-07 06:33:25"}
{"level":"info","message":"Created client session 3648bd1d8bd2fc016ca83cd3","timestamp":"2026-04-07 06:33:25"}
{"level":"info","message":"Created client session f5e89c68a765fd5276eb0213","timestamp":"2026-04-07 06:33:25"}
{"level":"info","message":"Created client session 38bf256290d484a8a6276e6d","timestamp":"2026-04-07 06:33:25"}
{"level":"info","message":"Created client session 3c019b2c72b7d5f722ded184","timestamp":"2026-04-07 06:33:26"}
{"level":"info","message":"Created client session e847990c60a3e87982f7ad47","timestamp":"2026-04-07 06:33:26"}
{"level":"info","message":"Created client session 0b9cec8793116a3a5d81d999","timestamp":"2026-04-07 06:33:26"}
{"level":"info","message":"Created client session 6a128c5e7feddbfde2e5782f","timestamp":"2026-04-07 06:33:27"}
{"level":"info","message":"Created client session 6b356ca37ba97dcdcacbeb7c","timestamp":"2026-04-07 06:33:27"}
{"level":"info","message":"Created client session 717720c3ed7e8a01caf5c740","timestamp":"2026-04-07 06:33:27"}
{"level":"info","message":"Created client session ba37ac48cb93b12562e598a7","timestamp":"2026-04-07 06:33:27"}
{"level":"info","message":"Created client session cfa890253727311986377131","timestamp":"2026-04-07 06:33:28"}
{"level":"info","message":"Created client session c2bdac4f192658db2edf8aa6","timestamp":"2026-04-07 06:33:28"}
{"level":"info","message":"Created client session 32c362f49755a157833cad35","timestamp":"2026-04-07 06:33:28"}
{"level":"info","message":"Created client session eca9692dc7e96c509cf9ef1a","timestamp":"2026-04-07 06:33:28"}
{"level":"info","message":"Created client session aa07d274eb88b8fafc134470","timestamp":"2026-04-07 06:33:29"}
{"level":"info","message":"Created client session 7a06c57a1e7d476af5ba7e84","timestamp":"2026-04-07 06:33:29"}
{"level":"info","message":"Created client session 03c79607d04de029dad7bbd9","timestamp":"2026-04-07 06:33:29"}
{"level":"info","message":"Created client session f57c501eb78ce24d75e0182d","timestamp":"2026-04-07 06:33:30"}
{"level":"info","message":"Created client session f4eeaf31ca02af634ae4310c","timestamp":"2026-04-07 06:33:30"}
{"level":"info","message":"Created client session 499275fa35e9399a4012982c","timestamp":"2026-04-07 06:33:30"}
{"level":"info","message":"Created client session 4abfcc9779eca8a404774171","timestamp":"2026-04-07 06:33:30"}
{"level":"info","message":"Created client session e3efd989fc3667eb69d7b51b","timestamp":"2026-04-07 06:33:31"}
{"level":"info","message":"Created client session 2f12685dee8e682aef086b47","timestamp":"2026-04-07 06:33:31"}
{"level":"info","message":"Created client session fb248b49750e58733491b1fe","timestamp":"2026-04-07 06:33:31"}
{"level":"info","message":"Created client session 8a2b0e98ce1f92775ea33a79","timestamp":"2026-04-07 06:33:31"}
{"level":"info","message":"Created client session c819d9d1428841eda869d560","timestamp":"2026-04-07 06:33:32"}
{"level":"info","message":"Created client session 1f2677661f630ee33777b727","timestamp":"2026-04-07 06:33:32"}
{"level":"info","message":"Created client session 2d7358414795d2d3edf6f515","timestamp":"2026-04-07 06:33:32"}
{"level":"info","message":"Created client session b71047b8e5a5c49d5fc00d0a","timestamp":"2026-04-07 06:33:32"}
{"level":"info","message":"Created client session 22ef04b2381e9369fe9e3e20","timestamp":"2026-04-07 06:33:33"}
{"level":"info","message":"Created client session f01747c556342ab0e652288b","timestamp":"2026-04-07 06:33:33"}
{"level":"info","message":"Created client session 0358f10832998d5341e355f1","timestamp":"2026-04-07 06:33:33"}
{"level":"info","message":"Created client session f84267908ae823acb7e5a9b4","timestamp":"2026-04-07 06:33:33"}
{"level":"info","message":"Created client session 47867fde90a5195bbb97203d","timestamp":"2026-04-07 06:33:33"}
{"level":"info","message":"Created client session 1baa76c7e4b7b63af8863b1a","timestamp":"2026-04-07 06:33:33"}
{"level":"info","message":"Created client session 62498119aff8c5bfcdb83c8d","timestamp":"2026-04-07 06:33:34"}
{"level":"info","message":"Created client session 35e71697b5e7279e12d6bc27","timestamp":"2026-04-07 06:33:34"}
{"level":"info","message":"Created client session 20433fcaa6ef39cf549fc09d","timestamp":"2026-04-07 06:33:34"}
{"level":"info","message":"Created client session e3592a252adcf4d8908fb350","timestamp":"2026-04-07 06:33:34"}
{"level":"info","message":"Created client session 3604866db71b6c784c646970","timestamp":"2026-04-07 06:33:34"}
{"level":"info","message":"Created client session 79b147c9f389e8789f243110","timestamp":"2026-04-07 06:33:34"}
{"level":"info","message":"Created client session 6de8f61d2adc1606e9313bc3","timestamp":"2026-04-07 06:33:35"}
{"level":"info","message":"Created client session 6f10998a48dff4de686a68f7","timestamp":"2026-04-07 06:47:41"}
{"level":"info","message":"Created client session c6ad7128ac5e2dc0ef83ab9b","timestamp":"2026-04-07 06:53:21"}
{"level":"info","message":"Created client session 3d3af4cc1666068592ca5bb7","timestamp":"2026-04-07 07:00:40"}
{"level":"info","message":"Created client session d435ddff7c87ee7a7089868c","timestamp":"2026-04-07 07:18:17"}
{"level":"info","message":"Created client session 9f5432e0e229eb01121c5c60","timestamp":"2026-04-07 07:36:38"}
{"level":"info","message":"Created client session 28060e422441e5ebffbfdc26","timestamp":"2026-04-07 07:38:04"}
{"level":"info","message":"Created client session 256dc12d6da1a5c54c495ed7","timestamp":"2026-04-07 07:54:01"}
{"level":"info","message":"Created client session 09f1369de894cd33abee7de2","timestamp":"2026-04-07 08:09:23"}
{"level":"info","message":"Created client session c43accbba37421c1d90d020c","timestamp":"2026-04-07 08:21:39"}
{"level":"info","message":"Created client session 86413149f6c27f98eda9f4e6","timestamp":"2026-04-07 08:27:55"}
{"level":"info","message":"Created client session c2962eb35fa054621c2f57e1","timestamp":"2026-04-07 08:27:56"}
{"level":"info","message":"Created client session cee6f97bf392859290b34f46","timestamp":"2026-04-07 08:27:57"}
{"level":"info","message":"Created client session 156a7c15144209ef5d46f785","timestamp":"2026-04-07 08:40:50"}
{"level":"info","message":"Created client session d23c5358fa5ed97d0c23a21f","timestamp":"2026-04-07 08:41:41"}
{"level":"info","message":"Created client session 2ca48284a46210134a52b592","timestamp":"2026-04-07 09:37:53"}
{"level":"info","message":"Created client session 86e10f8f535b4c5d3845abab","timestamp":"2026-04-07 09:38:35"}
{"level":"info","message":"Created client session c21c0764354e6e6dfcf56902","timestamp":"2026-04-07 09:41:45"}
{"level":"info","message":"Created client session 12977baf819bbeadb199971d","timestamp":"2026-04-07 09:50:34"}
{"level":"info","message":"Created client session 4acd90332099e3ee642bf47e","timestamp":"2026-04-07 09:50:40"}
{"level":"info","message":"Created client session 26b190815bdd23f428aa10f8","timestamp":"2026-04-07 09:50:58"}
{"level":"info","message":"Created client session 8b1830aa3a993c10f47ceacb","timestamp":"2026-04-07 09:51:13"}
{"level":"info","message":"Created client session 7f09589cfb29a13a657f5142","timestamp":"2026-04-07 09:51:27"}
{"level":"info","message":"Created client session 597d6a3dcce42a6477c08639","timestamp":"2026-04-07 09:57:41"}
{"level":"info","message":"Created client session 0a1b6c61b63476f5fd8a96c1","timestamp":"2026-04-07 10:02:51"}
{"level":"info","message":"Created client session f33c733944d5c492536f5d0e","timestamp":"2026-04-07 10:13:47"}
{"level":"info","message":"Created client session 132eb74c3975b10fb1e4cd40","timestamp":"2026-04-07 10:18:27"}
{"level":"info","message":"Created client session 7e6a0fe76ac24db1250f0084","timestamp":"2026-04-07 10:28:56"}
{"level":"info","message":"Created client session 580776e3e8c5790d761c8e48","timestamp":"2026-04-07 11:05:09"}
{"level":"info","message":"Created client session 31a8f0b3641c92ae17a34e7b","timestamp":"2026-04-07 11:23:43"}
{"level":"info","message":"Created client session d1110e9e4bb6a7876ed48460","timestamp":"2026-04-07 11:23:43"}
{"level":"info","message":"Created client session 591f6f0f86a5d746db6ed16d","timestamp":"2026-04-07 11:23:43"}
{"level":"info","message":"Created client session c138266dd7aa1adb22e2664a","timestamp":"2026-04-07 11:23:45"}
{"level":"info","message":"Created client session 71d871de6e26bcbabca8a6a9","timestamp":"2026-04-07 11:27:54"}
{"level":"info","message":"Created client session 16d67c332fbdd6258875f2dd","timestamp":"2026-04-07 12:09:11"}
{"level":"info","message":"Created client session b49238eff540fea743181564","timestamp":"2026-04-07 12:09:12"}
{"level":"info","message":"Created client session a7204feca79bbebdf0772e82","timestamp":"2026-04-07 12:37:30"}
{"level":"info","message":"Created client session ff897acbe073b66a9ea68a08","timestamp":"2026-04-07 12:43:51"}
{"level":"info","message":"Created client session bfc60d7249a9c74ba797c815","timestamp":"2026-04-07 13:12:24"}
{"ip":"::1","level":"info","message":"User authentication successful for user Gamemaster","session":"bfc60d7249a9c74ba797c815","timestamp":"2026-04-07 13:12:39"}
{"level":"info","message":"Dungeons & Dragons Fifth Edition update 5.3.0 is now available!","timestamp":"2026-04-07 13:12:41"}
{"level":"info","message":"Vended World data to User [YzL2W1htQr2gHsBA] in 1283ms","timestamp":"2026-04-07 13:12:42"}
{"level":"info","message":"Created client session ffb5ffa9bad57335514da31b","timestamp":"2026-04-07 13:14:06"}
{"level":"info","message":"Created client session bc8712659833e6e4b55f3a8f","timestamp":"2026-04-07 13:16:17"}
{"level":"info","message":"Created client session ee32a9a5188143d801837ce3","timestamp":"2026-04-07 13:18:03"}
{"level":"info","message":"Created client session feee01cb398ea909235fb82f","timestamp":"2026-04-07 14:01:18"}
{"level":"info","message":"Created client session 29490739a48c94754b8743be","timestamp":"2026-04-07 14:05:24"}
{"level":"info","message":"Created client session c5044a58a982ff27028aa90c","timestamp":"2026-04-07 14:08:47"}
{"level":"info","message":"Created client session 0b2477c655d02e32e7253913","timestamp":"2026-04-07 14:12:18"}
{"level":"info","message":"Created client session 12acc6fb42a3a21457fd2fc8","timestamp":"2026-04-07 14:13:52"}
{"level":"info","message":"Created client session e10b66066a27f3c355851132","timestamp":"2026-04-07 14:23:10"}
{"level":"info","message":"Created Scene with id [NHhTNHcHOu1IGE9u]","timestamp":"2026-04-07 14:23:19"}
{"level":"info","message":"Created client session 720f16d509e1163ca74cfdb7","timestamp":"2026-04-07 14:24:27"}
{"level":"info","message":"Argynvostholt_4k_60x60_NoGrid_70PPI [1st Floor with Crypt Roof, Gloom, Fog].jpg saved to Chapters/7. Feste Argynvost/Maps","timestamp":"2026-04-07 14:29:00"}
{"level":"info","message":"Persisted base64 image to \"/home/foundry/data/Data/worlds/cos/assets/scenes/thumb-SS98S6GgWpO-gkM0Z_Ya7A.webp\"","timestamp":"2026-04-07 14:29:08"}
{"level":"info","message":"Toggling game pause status to false","timestamp":"2026-04-07 14:29:35"}
{"level":"info","message":"Dungeons & Dragons Fifth Edition update 5.3.0 is now available!","timestamp":"2026-04-07 14:32:52"}
{"level":"info","message":"Vended World data to User [YzL2W1htQr2gHsBA] in 491ms","timestamp":"2026-04-07 14:32:52"}
{"level":"info","message":"Created client session e868d19fcaffe5e9917d550a","timestamp":"2026-04-07 15:21:40"}
{"level":"info","message":"Created client session f2b566bda6bfd23021065d40","timestamp":"2026-04-07 15:35:53"}
{"level":"info","message":"Created Wall with id [5oQhbxXOxeatrajL] in parent Scene [NHhTNHcHOu1IGE9u]","timestamp":"2026-04-07 15:48:04"}
{"level":"info","message":"Created Wall with id [dhwAs5Pvffn3zwed] in parent Scene [NHhTNHcHOu1IGE9u]","timestamp":"2026-04-07 15:48:06"}
{"level":"info","message":"Created Wall with id [2BaWH0QlP3NTwcpZ] in parent Scene [NHhTNHcHOu1IGE9u]","timestamp":"2026-04-07 15:48:08"}
{"level":"info","message":"Created Wall with id [fXVI5OhxEKwkqhUU] in parent Scene [NHhTNHcHOu1IGE9u]","timestamp":"2026-04-07 15:48:11"}
{"level":"info","message":"Created Wall with id [0j6OCe790Gbwzehw] in parent Scene [NHhTNHcHOu1IGE9u]","timestamp":"2026-04-07 15:48:14"}
{"level":"info","message":"Created Wall with id [DNUafJ7ZT8I8jfGg] in parent Scene [NHhTNHcHOu1IGE9u]","timestamp":"2026-04-07 15:48:16"}
{"level":"info","message":"Created Wall with id [5GvvTThWRmsF6Ckb] in parent Scene [NHhTNHcHOu1IGE9u]","timestamp":"2026-04-07 15:48:18"}
{"level":"info","message":"Created Wall with id [XkJltZzB0aE5Opcy] in parent Scene [NHhTNHcHOu1IGE9u]","timestamp":"2026-04-07 15:48:23"}
{"level":"info","message":"Created Wall with id [1lk7j3zxpJKJq02I] in parent Scene [NHhTNHcHOu1IGE9u]","timestamp":"2026-04-07 15:48:25"}
{"level":"info","message":"Created Wall with id [sIEyUvwIVs4t6w3I] in parent Scene [NHhTNHcHOu1IGE9u]","timestamp":"2026-04-07 15:48:28"}
{"level":"info","message":"Created Wall with id [lAUnVBJpCZz8PfEJ] in parent Scene [NHhTNHcHOu1IGE9u]","timestamp":"2026-04-07 15:48:30"}
{"level":"info","message":"Created Wall with id [KXRblhIs3MvI40Rg] in parent Scene [NHhTNHcHOu1IGE9u]","timestamp":"2026-04-07 15:48:32"}
{"level":"info","message":"Created Wall with id [oFV7aoJaifka5hAb] in parent Scene [NHhTNHcHOu1IGE9u]","timestamp":"2026-04-07 15:48:35"}
{"level":"info","message":"Created Wall with id [FWZeuroua3ffnc3i] in parent Scene [NHhTNHcHOu1IGE9u]","timestamp":"2026-04-07 15:48:38"}
{"level":"info","message":"Created Wall with id [p3iHAChWHJH2pzKo] in parent Scene [NHhTNHcHOu1IGE9u]","timestamp":"2026-04-07 15:48:41"}
{"level":"info","message":"Created Wall with id [QTLAmrzX0513MtcD] in parent Scene [NHhTNHcHOu1IGE9u]","timestamp":"2026-04-07 15:48:43"}
{"level":"info","message":"Created Wall with id [PgZkYor98dlmvYUO] in parent Scene [NHhTNHcHOu1IGE9u]","timestamp":"2026-04-07 15:48:45"}
{"level":"info","message":"Created Wall with id [pooDicFSwk89acmE] in parent Scene [NHhTNHcHOu1IGE9u]","timestamp":"2026-04-07 15:48:48"}
{"level":"info","message":"Created Wall with id [BmiXM70dUXFpg93f] in parent Scene [NHhTNHcHOu1IGE9u]","timestamp":"2026-04-07 15:48:51"}
{"level":"info","message":"Created Wall with id [39O18G6uxQQFNVju] in parent Scene [NHhTNHcHOu1IGE9u]","timestamp":"2026-04-07 15:48:52"}
{"level":"info","message":"Created Wall with id [70j6lMjm14VEu6at] in parent Scene [NHhTNHcHOu1IGE9u]","timestamp":"2026-04-07 15:48:55"}
{"level":"info","message":"Created Wall with id [YHyADMs7BUoSKm5y] in parent Scene [NHhTNHcHOu1IGE9u]","timestamp":"2026-04-07 15:48:57"}
{"level":"info","message":"Created Wall with id [cyNnl6EIYGlCiulv] in parent Scene [NHhTNHcHOu1IGE9u]","timestamp":"2026-04-07 15:48:58"}
{"level":"info","message":"Created Wall with id [Y390XwQ226iKdV9y] in parent Scene [NHhTNHcHOu1IGE9u]","timestamp":"2026-04-07 15:49:03"}
{"level":"info","message":"Created Wall with id [CCW2UNPsekip4953] in parent Scene [NHhTNHcHOu1IGE9u]","timestamp":"2026-04-07 15:49:04"}
{"level":"info","message":"Created Wall with id [PfUPGbSogdHZWYAR] in parent Scene [NHhTNHcHOu1IGE9u]","timestamp":"2026-04-07 15:49:07"}
{"level":"info","message":"Created Wall with id [V6aWhKh7TlX5YxZM] in parent Scene [NHhTNHcHOu1IGE9u]","timestamp":"2026-04-07 15:49:09"}
{"level":"info","message":"Created Wall with id [09XBUMx2iX7fxqIz] in parent Scene [NHhTNHcHOu1IGE9u]","timestamp":"2026-04-07 15:49:12"}
{"level":"info","message":"Created Wall with id [i5jw7GhG3SQJfUSE] in parent Scene [NHhTNHcHOu1IGE9u]","timestamp":"2026-04-07 15:49:13"}
{"level":"info","message":"Created Wall with id [QIqgMFkq1uCW2i2m] in parent Scene [NHhTNHcHOu1IGE9u]","timestamp":"2026-04-07 15:49:17"}
{"level":"info","message":"Created Wall with id [4G41G5tfEldYtCBz] in parent Scene [NHhTNHcHOu1IGE9u]","timestamp":"2026-04-07 15:49:17"}
{"level":"info","message":"Created Wall with id [GtgzMhZqPqcvZuFa] in parent Scene [NHhTNHcHOu1IGE9u]","timestamp":"2026-04-07 15:49:18"}
{"level":"info","message":"Created Wall with id [Xl8nGP8l5SM0me9x] in parent Scene [NHhTNHcHOu1IGE9u]","timestamp":"2026-04-07 15:49:20"}
{"level":"info","message":"Created Wall with id [9p60rKzVN0OM3YfE] in parent Scene [NHhTNHcHOu1IGE9u]","timestamp":"2026-04-07 15:49:21"}
{"level":"info","message":"Created Wall with id [d0t79Kf4xLASfYIP] in parent Scene [NHhTNHcHOu1IGE9u]","timestamp":"2026-04-07 15:49:24"}
{"level":"info","message":"Created Wall with id [ajO3m5qzNVYjdNLC] in parent Scene [NHhTNHcHOu1IGE9u]","timestamp":"2026-04-07 15:49:27"}
{"level":"info","message":"Created Wall with id [5IB03Rg4caxG0Rr1] in parent Scene [NHhTNHcHOu1IGE9u]","timestamp":"2026-04-07 15:49:29"}
{"level":"info","message":"Created Wall with id [gzPyQh0szGoO4ucG] in parent Scene [NHhTNHcHOu1IGE9u]","timestamp":"2026-04-07 15:49:30"}
{"level":"info","message":"Created Wall with id [XUuQPrg56dgM08I6] in parent Scene [NHhTNHcHOu1IGE9u]","timestamp":"2026-04-07 15:49:34"}
{"level":"info","message":"Created Wall with id [8FmVnSuVnAVWGShc] in parent Scene [NHhTNHcHOu1IGE9u]","timestamp":"2026-04-07 15:49:35"}
{"level":"info","message":"Created Wall with id [kX75vq8BV5mX5Vu8] in parent Scene [NHhTNHcHOu1IGE9u]","timestamp":"2026-04-07 15:49:38"}
{"level":"info","message":"Created Wall with id [gjMKxaeWXJylmoza] in parent Scene [NHhTNHcHOu1IGE9u]","timestamp":"2026-04-07 15:49:40"}
{"level":"info","message":"Created Wall with id [niZYd3qwDruhWvQl] in parent Scene [NHhTNHcHOu1IGE9u]","timestamp":"2026-04-07 15:49:43"}
{"level":"info","message":"Created Wall with id [KuPqdObr5i28Wp1P] in parent Scene [NHhTNHcHOu1IGE9u]","timestamp":"2026-04-07 15:49:46"}
{"level":"info","message":"Created Wall with id [Wt6sYJ4PA8R4UbQj] in parent Scene [NHhTNHcHOu1IGE9u]","timestamp":"2026-04-07 15:49:47"}
{"level":"info","message":"Created Wall with id [qKQcG63M2jqjsC4r] in parent Scene [NHhTNHcHOu1IGE9u]","timestamp":"2026-04-07 15:49:48"}
{"level":"info","message":"Created Wall with id [fjXtoht6VOsObr2Y] in parent Scene [NHhTNHcHOu1IGE9u]","timestamp":"2026-04-07 15:49:49"}
{"level":"info","message":"Created Wall with id [7lSUYYV3AO44UCeC] in parent Scene [NHhTNHcHOu1IGE9u]","timestamp":"2026-04-07 15:49:51"}
{"level":"info","message":"Created Wall with id [nxb4nznZBMzn599f] in parent Scene [NHhTNHcHOu1IGE9u]","timestamp":"2026-04-07 15:49:54"}
{"level":"info","message":"Created Wall with id [NO6Ofyikvzn3JYCe] in parent Scene [NHhTNHcHOu1IGE9u]","timestamp":"2026-04-07 15:49:58"}
{"level":"info","message":"Created Wall with id [T6iWWC3xsMt8lXdx] in parent Scene [NHhTNHcHOu1IGE9u]","timestamp":"2026-04-07 15:50:01"}
{"level":"info","message":"Created Wall with id [3UVu8uWdhALHrfnS] in parent Scene [NHhTNHcHOu1IGE9u]","timestamp":"2026-04-07 15:50:03"}
{"level":"info","message":"Created Wall with id [XmripLQKmDAmrmeu] in parent Scene [NHhTNHcHOu1IGE9u]","timestamp":"2026-04-07 15:50:06"}
{"level":"info","message":"Created Wall with id [KWjByaYRY8TyLlV0] in parent Scene [NHhTNHcHOu1IGE9u]","timestamp":"2026-04-07 15:50:09"}
{"level":"info","message":"Created Wall with id [IPHjNvwb5YEHVAid] in parent Scene [NHhTNHcHOu1IGE9u]","timestamp":"2026-04-07 15:50:13"}
{"level":"info","message":"Created Wall with id [5PDsmXJ9kAmNkB0D] in parent Scene [NHhTNHcHOu1IGE9u]","timestamp":"2026-04-07 15:50:20"}
{"level":"info","message":"Created Wall with id [R9XFDrjLqMQJP8LV] in parent Scene [NHhTNHcHOu1IGE9u]","timestamp":"2026-04-07 15:51:46"}
{"level":"info","message":"Created Wall with id [Fnyyrvs9mmTmTBYH] in parent Scene [NHhTNHcHOu1IGE9u]","timestamp":"2026-04-07 15:51:53"}
{"level":"info","message":"Created Wall with id [wwoK6B3ZrGdXMcs5] in parent Scene [NHhTNHcHOu1IGE9u]","timestamp":"2026-04-07 15:51:56"}
{"level":"info","message":"Created Wall with id [jtuRLCH6YmSAt7yr] in parent Scene [NHhTNHcHOu1IGE9u]","timestamp":"2026-04-07 15:51:58"}
{"level":"info","message":"Created client session 0c0609ce0e0c48fb8dd8482d","timestamp":"2026-04-07 15:52:02"}
{"level":"info","message":"Created client session 461cfbc53f2d9686cdaf6206","timestamp":"2026-04-07 15:52:02"}
{"level":"info","message":"Created client session a160b9bfe03d94cd2503372d","timestamp":"2026-04-07 15:52:02"}
{"level":"info","message":"Created client session 13e7176ff9b5e1bf2cd1a39d","timestamp":"2026-04-07 15:52:02"}
{"level":"info","message":"Created client session 101bc5cd8364fd71b49320a1","timestamp":"2026-04-07 15:52:02"}
{"level":"info","message":"Created client session c553eca6301e998447b97eda","timestamp":"2026-04-07 15:52:02"}
{"level":"info","message":"Created client session 2cae14c5173e675a0fdc181f","timestamp":"2026-04-07 15:52:02"}
{"level":"info","message":"Created client session 9b79e50053dba99bb25dda59","timestamp":"2026-04-07 15:52:02"}
{"level":"info","message":"Created client session 12cdf047cd856e52c2e6aa3c","timestamp":"2026-04-07 15:52:03"}
{"level":"info","message":"Created client session 5916cb739a8976a9a61756f3","timestamp":"2026-04-07 15:52:03"}
{"level":"info","message":"Created client session f84c906a4ba220518d09317b","timestamp":"2026-04-07 15:52:03"}
{"level":"info","message":"Created Wall with id [tyXz5KEzMHBktRBf] in parent Scene [NHhTNHcHOu1IGE9u]","timestamp":"2026-04-07 15:52:41"}
{"level":"info","message":"Created Wall with id [uWPwkSxzlYYt8SSE] in parent Scene [NHhTNHcHOu1IGE9u]","timestamp":"2026-04-07 15:52:43"}
{"level":"info","message":"Created Wall with id [auB3n5WxMAGVznBI] in parent Scene [NHhTNHcHOu1IGE9u]","timestamp":"2026-04-07 15:52:44"}
{"level":"info","message":"Created Wall with id [M7mvnyduLKfzxDrL] in parent Scene [NHhTNHcHOu1IGE9u]","timestamp":"2026-04-07 15:52:47"}
{"level":"info","message":"Created Wall with id [J4e6MILM58bNH1KC] in parent Scene [NHhTNHcHOu1IGE9u]","timestamp":"2026-04-07 15:52:53"}
{"level":"info","message":"Created Wall with id [FgGoKDKe6fNsNDVT] in parent Scene [NHhTNHcHOu1IGE9u]","timestamp":"2026-04-07 15:52:58"}
{"level":"info","message":"Created Wall with id [2DmSGTKD3GhLdanm] in parent Scene [NHhTNHcHOu1IGE9u]","timestamp":"2026-04-07 15:53:00"}
{"level":"info","message":"Created Wall with id [cC3RISF4Otm2FiI6] in parent Scene [NHhTNHcHOu1IGE9u]","timestamp":"2026-04-07 15:53:02"}
{"level":"info","message":"Created Wall with id [ca8fNq52kZTGRcwt] in parent Scene [NHhTNHcHOu1IGE9u]","timestamp":"2026-04-07 15:53:03"}
{"level":"info","message":"Created Wall with id [EsEtsX8YbGAje6EE] in parent Scene [NHhTNHcHOu1IGE9u]","timestamp":"2026-04-07 15:53:05"}
{"level":"info","message":"Created Wall with id [ynFdifatvss2lQmy] in parent Scene [NHhTNHcHOu1IGE9u]","timestamp":"2026-04-07 15:55:15"}
{"level":"info","message":"Created Wall with id [6GrQ3PizBtgv6R3T] in parent Scene [NHhTNHcHOu1IGE9u]","timestamp":"2026-04-07 15:55:22"}
{"level":"info","message":"Created Wall with id [FNpnh8HvKeu0QOfo] in parent Scene [NHhTNHcHOu1IGE9u]","timestamp":"2026-04-07 15:55:27"}
{"level":"info","message":"Created Wall with id [KFTUl5V4jT1AHVTr] in parent Scene [NHhTNHcHOu1IGE9u]","timestamp":"2026-04-07 15:55:29"}
{"level":"info","message":"Created Wall with id [TMKh6r32ls8hFway] in parent Scene [NHhTNHcHOu1IGE9u]","timestamp":"2026-04-07 15:55:32"}
{"level":"info","message":"Created client session cfb46f6298ed9b9cdd2c973f","timestamp":"2026-04-07 16:01:59"}
{"level":"info","message":"Created client session 6c486a8fd8a4181bf0af9038","timestamp":"2026-04-07 16:07:14"}
{"level":"info","message":"Created client session a6cf4b6a3e7910172b91df9e","timestamp":"2026-04-07 16:16:32"}
{"level":"info","message":"Created client session afa12495650bf2af6f5c955f","timestamp":"2026-04-07 16:34:13"}
{"level":"info","message":"Created client session 33b3840a3eee6789b1ba56ee","timestamp":"2026-04-07 16:34:13"}
{"level":"info","message":"Created client session c813824550db2b55c0333411","timestamp":"2026-04-07 16:34:27"}
{"level":"info","message":"Created client session 6e398cdd573c8254fe02d195","timestamp":"2026-04-07 16:34:27"}
{"level":"info","message":"Created client session ea7033df7765f48f7791f615","timestamp":"2026-04-07 16:41:30"}
{"level":"info","message":"Created client session b43dba1193a98e73970aca6d","timestamp":"2026-04-07 16:50:18"}
{"level":"info","message":"Logged user YzL2W1htQr2gHsBA out of active World","timestamp":"2026-04-07 16:53:01"}
{"ip":"::1","level":"info","message":"User authentication successful for user Gamemaster","session":"bfc60d7249a9c74ba797c815","timestamp":"2026-04-07 17:06:35"}
{"level":"info","message":"Dungeons & Dragons Fifth Edition update 5.3.0 is now available!","timestamp":"2026-04-07 17:06:36"}
{"level":"info","message":"Vended World data to User [YzL2W1htQr2gHsBA] in 572ms","timestamp":"2026-04-07 17:06:37"}
{"level":"info","message":"Created client session 235cb40ad4089577289c11f5","timestamp":"2026-04-07 17:32:33"}
{"level":"info","message":"Created client session db29b555ebe0a60a5edf4df2","timestamp":"2026-04-07 17:35:17"}
{"level":"info","message":"Created client session 070d27118e2fc40d0cb9a07c","timestamp":"2026-04-07 18:01:19"}
{"level":"info","message":"Created client session 2c218be353ae5643edfd3634","timestamp":"2026-04-07 18:01:20"}
{"level":"info","message":"Created client session 5036906d1a85068e2e62a455","timestamp":"2026-04-07 18:01:21"}
{"level":"info","message":"Created client session aed1fe35eba29376b055f2dd","timestamp":"2026-04-07 18:01:21"}
{"level":"info","message":"Created client session 901a05800e6fa4b983650e9c","timestamp":"2026-04-07 18:01:22"}
{"level":"info","message":"Created client session 16fde2b8be78287aba3312d1","timestamp":"2026-04-07 18:01:23"}
{"level":"info","message":"Created client session d5e5256aab95fece28449d00","timestamp":"2026-04-07 18:01:24"}
{"level":"info","message":"Created client session 66c425a5f0eef10fbadb4bfc","timestamp":"2026-04-07 18:01:25"}
{"level":"info","message":"Created client session 227547eeacbe7d58af5f4dd2","timestamp":"2026-04-07 18:01:26"}
{"level":"info","message":"Created client session 718d1c1bdc775fa8e4bca70b","timestamp":"2026-04-07 18:01:26"}
{"level":"info","message":"Created client session 95f75a9abadaafb25b8fbedc","timestamp":"2026-04-07 18:01:27"}
{"level":"info","message":"Created client session e3f805a00dc6213b542499a3","timestamp":"2026-04-07 18:01:28"}
{"level":"info","message":"Created client session 9f1227ce6d4bbef1db4c5c4e","timestamp":"2026-04-07 18:01:29"}
{"level":"info","message":"Created client session 9e67a705ff402e4dce93aa84","timestamp":"2026-04-07 18:01:30"}
{"level":"info","message":"Created client session fbf5b6b6f5bdcacf4c8d54cc","timestamp":"2026-04-07 18:01:30"}
{"level":"info","message":"Created client session 1a5163dc242d2014bfd5c9b2","timestamp":"2026-04-07 18:01:31"}
{"level":"info","message":"Created client session 2c9a4aabb7e45df401b3d95c","timestamp":"2026-04-07 18:01:32"}
{"level":"info","message":"Created client session dcedc83e5fcc4a7fbce3c0fa","timestamp":"2026-04-07 18:01:33"}
{"level":"info","message":"Created client session bbb0c4e9117b96a86b39ef40","timestamp":"2026-04-07 18:01:34"}
{"level":"info","message":"Created client session 172f718ad387d0e8b18a1d3c","timestamp":"2026-04-07 18:01:35"}
{"level":"info","message":"Created client session 22379e0455a06cea1961440f","timestamp":"2026-04-07 18:01:36"}
{"level":"info","message":"Created client session fb09ac3114d257856751cf9f","timestamp":"2026-04-07 18:01:37"}
{"level":"info","message":"Created client session 8c463655225d28bd0d55b4bd","timestamp":"2026-04-07 18:01:38"}
{"level":"info","message":"Created client session 322ffa2505e936435ae6e5a9","timestamp":"2026-04-07 18:01:39"}
{"level":"info","message":"Created client session 10607b11c28f39a83c56cc5d","timestamp":"2026-04-07 18:01:40"}
{"level":"info","message":"Created client session b369a2bca3262d9d38ac9e11","timestamp":"2026-04-07 18:01:41"}
{"level":"info","message":"Created client session e78f76b3554016a10d6fd5a1","timestamp":"2026-04-07 18:01:42"}
{"level":"info","message":"Created client session 37dfd7c2fb6f34f7b78e57c4","timestamp":"2026-04-07 18:01:43"}
{"level":"info","message":"Created client session c0629b4581ced20295a45ba2","timestamp":"2026-04-07 18:01:44"}
{"level":"info","message":"Created client session ce8348971b4de4795cac3482","timestamp":"2026-04-07 18:01:45"}
{"level":"info","message":"Created client session b675e1567d865598c14a4062","timestamp":"2026-04-07 18:01:46"}
{"level":"info","message":"Created client session 033b2287327e0dd1e79dd09b","timestamp":"2026-04-07 18:01:47"}
{"level":"info","message":"Created client session 5830b8554c731a3c942e0dc2","timestamp":"2026-04-07 18:01:47"}
{"level":"info","message":"Created client session 1576f287fbd14875c06d9564","timestamp":"2026-04-07 18:01:48"}
{"level":"info","message":"Created client session 37ecd6f8b3f8d132d0789595","timestamp":"2026-04-07 18:01:49"}
{"level":"info","message":"Created client session ace7ff1f4c5e7a85721953c6","timestamp":"2026-04-07 18:01:50"}
{"level":"info","message":"Created client session 53cea0db83686e8a5ef06092","timestamp":"2026-04-07 18:01:51"}
{"level":"info","message":"Created client session e0fd78037f2559e4bea0e6d9","timestamp":"2026-04-07 18:01:51"}
{"level":"info","message":"Created client session 513a44e3945fca26a0a3f728","timestamp":"2026-04-07 18:01:52"}
{"level":"info","message":"Created client session 06b60bffbf6d770ab35ba605","timestamp":"2026-04-07 18:01:53"}
{"level":"info","message":"Created client session c5806aa9c84c2b64f1da6456","timestamp":"2026-04-07 18:01:54"}
{"level":"info","message":"Created client session 2605400a650860891897d6ee","timestamp":"2026-04-07 18:01:55"}
{"level":"info","message":"Created client session b8cb6c9fb1c9d898805e5756","timestamp":"2026-04-07 18:01:57"}
{"level":"info","message":"Created client session 9c3d49f8d1323888ac7422c9","timestamp":"2026-04-07 18:01:57"}
{"level":"info","message":"Created client session 8b98cff3bb0fdd53bbb11d76","timestamp":"2026-04-07 18:30:02"}
{"level":"info","message":"Created client session 4fc1406342cdac91a8ea9d02","timestamp":"2026-04-07 18:40:35"}
{"level":"info","message":"Created client session b2b82610193225b033e9ba55","timestamp":"2026-04-07 18:40:35"}
{"level":"info","message":"Created client session 38357c6ef39a82697e266f8a","timestamp":"2026-04-07 18:40:35"}
{"level":"info","message":"Created client session 0325128535174ae95ea3f926","timestamp":"2026-04-07 18:40:35"}
{"level":"info","message":"Created client session d5f20001897e59961b862279","timestamp":"2026-04-07 18:40:35"}
{"level":"info","message":"Created client session ab9badd28dca30d76035f6e3","timestamp":"2026-04-07 18:40:35"}
{"level":"info","message":"Created client session d6ad45c0635c6eafdda10266","timestamp":"2026-04-07 18:40:35"}
{"level":"info","message":"Created client session c0fec760f6a483152f30bd7e","timestamp":"2026-04-07 18:40:35"}
{"level":"info","message":"Created client session 6f50f293f5438ce28c02961d","timestamp":"2026-04-07 18:40:35"}
{"level":"info","message":"Created client session b431709fcc00a6e98d2ab9fc","timestamp":"2026-04-07 18:40:35"}
{"level":"info","message":"Created client session cee765c0338d841610854354","timestamp":"2026-04-07 18:40:35"}
{"level":"info","message":"Created client session f6c23bf7c74e8b2fce341074","timestamp":"2026-04-07 18:40:35"}
{"level":"info","message":"Created client session dfbb52696f0d5917fc80596d","timestamp":"2026-04-07 18:40:36"}
{"level":"info","message":"Created client session 9b1028087cfcf9a2389febf1","timestamp":"2026-04-07 18:40:36"}
{"level":"info","message":"Created client session 9fdca35419833f8358def455","timestamp":"2026-04-07 18:40:36"}
{"level":"info","message":"Created client session c1520057741dcc69f2345222","timestamp":"2026-04-07 18:40:36"}
{"level":"info","message":"Created client session efa1abb90df6a4411d63fe2a","timestamp":"2026-04-07 18:40:36"}
{"level":"info","message":"Created client session 3ae57cdfb7b42351c3dc6484","timestamp":"2026-04-07 18:40:36"}
{"level":"info","message":"Created client session f547865c92a5fc8b54fb4fc2","timestamp":"2026-04-07 18:40:36"}
{"level":"info","message":"Created client session 5ef5f64862c665534b31fe0a","timestamp":"2026-04-07 18:40:36"}
{"level":"info","message":"Created client session 7234f6e694582e44997a0455","timestamp":"2026-04-07 18:40:36"}
{"level":"info","message":"Created client session 8950b95beb3ff4a6cd4c6ee9","timestamp":"2026-04-07 18:40:36"}
{"level":"info","message":"Created client session 19cd87ca7468e0dbe67d7703","timestamp":"2026-04-07 18:40:36"}
{"level":"info","message":"Created client session 8252e44936f8dc67f956c6db","timestamp":"2026-04-07 18:40:36"}
{"level":"info","message":"Created client session e48cd3e64bd951a36bbe679c","timestamp":"2026-04-07 18:40:36"}
{"level":"info","message":"Created client session 4ddb4ba058c80b4151301802","timestamp":"2026-04-07 18:40:36"}
{"level":"info","message":"Created client session a23d1be36275ffdb9a48e515","timestamp":"2026-04-07 18:40:36"}
{"level":"info","message":"Created client session 8360bfbb5557a0f7c4a9dc8c","timestamp":"2026-04-07 18:40:36"}
{"level":"info","message":"Created client session cde2cf7376debe8d6004522a","timestamp":"2026-04-07 18:40:36"}
{"level":"info","message":"Created client session cedb3d1372b362986d998bdc","timestamp":"2026-04-07 18:40:36"}
{"level":"info","message":"Created client session 40b8a1b4f875c7babd4be22b","timestamp":"2026-04-07 18:40:36"}
{"level":"info","message":"Created client session 3dfae0c3c6a544f39f1f88c2","timestamp":"2026-04-07 18:40:36"}
{"level":"info","message":"Created client session 07e31433f17de25ac61e96df","timestamp":"2026-04-07 18:40:36"}
{"level":"info","message":"Created client session d36cce95c2ea6a0b73c07ba5","timestamp":"2026-04-07 18:40:36"}
{"level":"info","message":"Created client session 1b27bc018d399f63b362f0ac","timestamp":"2026-04-07 18:40:36"}
{"level":"info","message":"Created client session b776b3f5d13e4e900fb7363a","timestamp":"2026-04-07 18:40:36"}
{"level":"info","message":"Created client session 91421c92669f9f335c7083f3","timestamp":"2026-04-07 18:40:36"}
{"level":"info","message":"Created client session 1df97760db2b7ef1bed06ba6","timestamp":"2026-04-07 18:40:36"}
{"level":"info","message":"Created client session 9951aec01b94f055f94a1df5","timestamp":"2026-04-07 18:40:36"}
{"level":"info","message":"Created client session a53a85bccbd0b32b95a2ce8d","timestamp":"2026-04-07 18:40:36"}
{"level":"info","message":"Created client session 586f02af1ae6d549435c8a05","timestamp":"2026-04-07 18:40:36"}
{"level":"info","message":"Created client session c0b226a5a18371cef96ec283","timestamp":"2026-04-07 18:40:36"}
{"level":"info","message":"Created client session b174d80ddbcd9552251615ad","timestamp":"2026-04-07 18:40:36"}
{"level":"info","message":"Created client session 78905d8df34c2c3839176b05","timestamp":"2026-04-07 18:40:36"}
{"level":"info","message":"Created client session 94aaa2988266031b9aaf0cb3","timestamp":"2026-04-07 18:40:36"}
{"level":"info","message":"Created client session 87ffdca3aa866892a8a48c72","timestamp":"2026-04-07 18:40:36"}
{"level":"info","message":"Created client session 0b390605015f2c1dd7596260","timestamp":"2026-04-07 18:40:36"}
{"level":"info","message":"Created client session b14cb05bf03e1c98c13b0a84","timestamp":"2026-04-07 18:40:36"}
{"level":"info","message":"Created client session ad8a74b9f7904eb72292d484","timestamp":"2026-04-07 18:40:36"}
{"level":"info","message":"Created client session 5ddf5d812e0f79b42df1373d","timestamp":"2026-04-07 18:40:36"}
{"level":"info","message":"Created client session 3483516e36e0670bc2305105","timestamp":"2026-04-07 18:40:36"}
{"level":"info","message":"Created client session 57dbfeac3a6dd384bb0b6266","timestamp":"2026-04-07 18:40:36"}
{"level":"info","message":"Created client session 8d2cbc9a634341dd65c54f6d","timestamp":"2026-04-07 18:40:36"}
{"level":"info","message":"Created client session 9ceb7b04c3948486a7ee54d5","timestamp":"2026-04-07 18:40:36"}
{"level":"info","message":"Created client session 3622c79c8759f289d58f9be5","timestamp":"2026-04-07 18:40:36"}
{"level":"info","message":"Created client session 2def97f61fc079c208860e9b","timestamp":"2026-04-07 18:40:37"}
{"level":"info","message":"Created client session 0466ccc97e45afbbda14f236","timestamp":"2026-04-07 18:40:37"}
{"level":"info","message":"Created client session 3ad46fd1f2d302a7c82e9115","timestamp":"2026-04-07 18:40:37"}
{"level":"info","message":"Created client session a6e11e33e2819d585ebfd7d6","timestamp":"2026-04-07 18:40:37"}
{"level":"info","message":"Created client session 61737f00ecbbf1d85a6ceeb2","timestamp":"2026-04-07 18:40:37"}
{"level":"info","message":"Created client session 84f6cb05e7f9152704f50533","timestamp":"2026-04-07 18:40:37"}
{"level":"info","message":"Created client session 98a27d391d9e08d9e41c9c86","timestamp":"2026-04-07 18:40:37"}
{"level":"info","message":"Created client session bf59fcebf3762eae2ece7d2d","timestamp":"2026-04-07 18:40:37"}
{"level":"info","message":"Created client session 44bc6c190f7a7bbcb1744157","timestamp":"2026-04-07 18:40:37"}
{"level":"info","message":"Created client session f9daa9469f71156e8e913033","timestamp":"2026-04-07 18:40:37"}
{"level":"info","message":"Created client session b6ce8055cbaf246af57df4be","timestamp":"2026-04-07 18:40:37"}
{"level":"info","message":"Created client session 2f7346a308307a2a8d0db87a","timestamp":"2026-04-07 18:40:37"}
{"level":"info","message":"Created client session 4419a0e46b39aaeac2f02f37","timestamp":"2026-04-07 18:40:37"}
{"level":"info","message":"Created client session 09937cd2120901172fc44ae4","timestamp":"2026-04-07 18:40:37"}
{"level":"info","message":"Created client session 10edf4c0226bd46f00cab3cb","timestamp":"2026-04-07 18:40:37"}
{"level":"info","message":"Created client session 4eba66005a86d09004d637e0","timestamp":"2026-04-07 18:40:37"}
{"level":"info","message":"Created client session 526d6bd0b2f8ee89c2e50c91","timestamp":"2026-04-07 18:40:37"}
{"level":"info","message":"Created client session 77b18ada4885cb7d6c7343f8","timestamp":"2026-04-07 18:40:37"}
{"level":"info","message":"Created client session 855eb2590c61ec15c92008c0","timestamp":"2026-04-07 18:40:37"}
{"level":"info","message":"Created client session 8192f8ff4887bd474fc16d1f","timestamp":"2026-04-07 18:40:37"}
{"level":"info","message":"Created client session effbce886c29bb76155284e2","timestamp":"2026-04-07 18:40:37"}
{"level":"info","message":"Created client session e3f6d0300cee84ecf05f84fa","timestamp":"2026-04-07 18:40:37"}
{"level":"info","message":"Created client session f2f768134fd8331451f5f932","timestamp":"2026-04-07 18:40:37"}
{"level":"info","message":"Created client session 95f9b948543e0773c6b73b58","timestamp":"2026-04-07 18:40:37"}
{"level":"info","message":"Created client session 6513866a2bcd9707a43a9e6f","timestamp":"2026-04-07 18:40:37"}
{"level":"info","message":"Created client session 5926d03a2f38be491d189587","timestamp":"2026-04-07 18:40:37"}
{"level":"info","message":"Created client session ea47a04e2313a67d20b34c53","timestamp":"2026-04-07 18:40:37"}
{"level":"info","message":"Created client session 2c0820e1c4cd60fa882082dd","timestamp":"2026-04-07 18:40:37"}
{"level":"info","message":"Created client session 7d5ca8541ff20be17d823e8a","timestamp":"2026-04-07 18:40:37"}
{"level":"info","message":"Created client session ad75f5f437983294b795676d","timestamp":"2026-04-07 18:40:37"}
{"level":"info","message":"Created client session 4b13f7c1e19d32a784fa8abe","timestamp":"2026-04-07 18:40:37"}
{"level":"info","message":"Created client session 717efefdaae63c6396342b00","timestamp":"2026-04-07 18:40:37"}
{"level":"info","message":"Created client session 810fdadf42f6ebe834aa4d86","timestamp":"2026-04-07 18:40:37"}
{"level":"info","message":"Created client session 59c78aa860ba350af56cca3c","timestamp":"2026-04-07 18:40:37"}
{"level":"info","message":"Created client session 90be863f5f451895b72ab07f","timestamp":"2026-04-07 18:40:37"}
{"level":"info","message":"Created client session e88b252cb6257cfbe16dc71e","timestamp":"2026-04-07 18:40:37"}
{"level":"info","message":"Created client session c2aa7ad34836ebd4cd3282c4","timestamp":"2026-04-07 18:40:37"}
{"level":"info","message":"Created client session 1055da9e34cdcd71bfcf3441","timestamp":"2026-04-07 18:40:37"}
{"level":"info","message":"Created client session eb70860a143ce86148a03405","timestamp":"2026-04-07 18:40:37"}
{"level":"info","message":"Created client session 4a5cb8351934b91d0b6bc74c","timestamp":"2026-04-07 18:40:37"}
{"level":"info","message":"Created client session 50deda337cf5594847f7c8d6","timestamp":"2026-04-07 18:40:37"}
{"level":"info","message":"Created client session bbef22a5c53f11ae5a27dfb4","timestamp":"2026-04-07 18:40:37"}
{"level":"info","message":"Created client session aaf34dc1ae77c5df15e15fde","timestamp":"2026-04-07 18:40:37"}
{"level":"info","message":"Created client session f6a9476cf588f3f9a36809b5","timestamp":"2026-04-07 18:40:37"}
{"level":"info","message":"Created client session 5e3b6934f870f6b983784e91","timestamp":"2026-04-07 18:40:37"}
{"level":"info","message":"Created client session 824ba23ea9308b93533d0c8a","timestamp":"2026-04-07 18:40:37"}
{"level":"info","message":"Created client session c01befb007f4ef89884e2271","timestamp":"2026-04-07 18:40:37"}
{"level":"info","message":"Created client session 3c6e3ea79b82115c85d4825d","timestamp":"2026-04-07 18:40:37"}
{"level":"info","message":"Created client session c4d91116357a0e010147c72c","timestamp":"2026-04-07 18:40:37"}
{"level":"info","message":"Created client session 943ee5cea7cf3bbd4ad797a3","timestamp":"2026-04-07 18:40:37"}
{"level":"info","message":"Created client session 77be9654e790ba02f85f739e","timestamp":"2026-04-07 18:40:37"}
{"level":"info","message":"Created client session 89c6fd125e811de187a29dc0","timestamp":"2026-04-07 18:40:37"}
{"level":"info","message":"Created client session 1d7d021c965392a0383db276","timestamp":"2026-04-07 18:40:37"}
{"level":"info","message":"Created client session 1f42fd041df5704c5802fe74","timestamp":"2026-04-07 18:40:37"}
{"level":"info","message":"Created client session a9e941db8e4a83e284189455","timestamp":"2026-04-07 19:03:07"}
{"level":"info","message":"Created client session 477c4bb012d3160b691b63bc","timestamp":"2026-04-07 19:20:12"}
{"level":"info","message":"Created client session b2f60b782128f150e1619cd3","timestamp":"2026-04-07 20:01:28"}
{"level":"info","message":"Created client session bd2ffcd3e9177e46b96a2263","timestamp":"2026-04-07 20:21:17"}
{"level":"info","message":"Created client session b508bd798ce9899bac2e4468","timestamp":"2026-04-07 20:23:03"}
{"level":"info","message":"Created client session 5c0ca5e8a4538048ebbde9c5","timestamp":"2026-04-07 20:25:04"}
{"level":"info","message":"Created client session ea2cf38bab38790e8242a653","timestamp":"2026-04-07 20:35:53"}
{"level":"info","message":"Created client session 9e7777f1493644e6c813a123","timestamp":"2026-04-07 20:48:04"}
{"level":"info","message":"Created client session cd037d510d43cecd4cffa897","timestamp":"2026-04-07 20:49:01"}
{"level":"info","message":"Created client session 35ad453c4b1e28688aa0638e","timestamp":"2026-04-07 21:45:37"}
{"level":"info","message":"Created client session ac93defccd64a176109b4e02","timestamp":"2026-04-07 21:45:37"}
{"level":"info","message":"Created client session 09f06856ec8eb269a4ca404b","timestamp":"2026-04-07 21:45:37"}
{"level":"info","message":"Created client session 28376c28f26299542348470b","timestamp":"2026-04-07 21:45:37"}
{"level":"info","message":"Created client session 0cfe12afc25e1d38f2438613","timestamp":"2026-04-07 21:45:37"}
{"level":"info","message":"Created client session 1af75c47df261e7cf0b24e37","timestamp":"2026-04-07 21:45:37"}
{"level":"info","message":"Created client session 716292b2ad1621d6cb14357d","timestamp":"2026-04-07 21:45:38"}
{"level":"info","message":"Created client session 2a906b12daed4d0605087fe2","timestamp":"2026-04-07 21:45:38"}
{"level":"info","message":"Created client session 567a0eea9dfb4a137ce9d75a","timestamp":"2026-04-07 21:45:38"}
{"level":"info","message":"Created client session 2bc6809dc1a23e43b6dcde43","timestamp":"2026-04-07 21:45:38"}
{"level":"info","message":"Created client session 6054e31cf328d34dfc9a3b41","timestamp":"2026-04-07 21:45:38"}
{"level":"info","message":"Created client session 096184c28f10531af504d8c2","timestamp":"2026-04-07 21:45:38"}
{"level":"info","message":"Created client session ef57b05bd00c2b347ed72344","timestamp":"2026-04-07 21:45:38"}
{"level":"info","message":"Created client session b49c8071d00b2f77d51583ce","timestamp":"2026-04-07 21:45:38"}
{"level":"info","message":"Created client session d011910a800f775f2d5fc4d4","timestamp":"2026-04-07 21:45:38"}
{"level":"info","message":"Created client session 89b02e5a106c18a9dd4068d5","timestamp":"2026-04-07 21:45:38"}
{"level":"info","message":"Created client session 465c09fce597093c71089f33","timestamp":"2026-04-07 21:45:39"}
{"level":"info","message":"Created client session a11083331aa67237cd476e80","timestamp":"2026-04-07 21:45:39"}
{"level":"info","message":"Created client session 3df39117ed129389513fbe23","timestamp":"2026-04-07 21:45:39"}
{"level":"info","message":"Created client session e336582bdced32c08be10f84","timestamp":"2026-04-07 21:45:39"}
{"level":"info","message":"Created client session 20e9e9165dae59e02da7bab7","timestamp":"2026-04-07 21:45:39"}
{"level":"info","message":"Created client session 93818bc7c84d686844bcef46","timestamp":"2026-04-07 21:45:39"}
{"level":"info","message":"Created client session 9d919a17d83ecd553c9ee91c","timestamp":"2026-04-07 21:45:39"}
{"level":"info","message":"Created client session 5d7ca985a3544e543dd048e0","timestamp":"2026-04-07 21:45:39"}
{"level":"info","message":"Created client session f7c51036704b60ab826e2fc8","timestamp":"2026-04-07 21:45:39"}
{"level":"info","message":"Created client session 283bd24a8d1d0fc4c69a7548","timestamp":"2026-04-07 21:45:39"}
{"level":"info","message":"Created client session 76ab847d9117ea9fb302f482","timestamp":"2026-04-07 21:45:39"}
{"level":"info","message":"Created client session 19c5e60ba62085022f17bdda","timestamp":"2026-04-07 21:45:39"}
{"level":"info","message":"Created client session da8e8140c195bcb5b2c8d944","timestamp":"2026-04-07 21:45:39"}
{"level":"info","message":"Created client session 3a828d86c13550b78ba175dd","timestamp":"2026-04-07 21:45:39"}
{"level":"info","message":"Created client session 60660a765c363c144455d751","timestamp":"2026-04-07 21:45:40"}
{"level":"info","message":"Created client session 114805baf16968471de160d2","timestamp":"2026-04-07 21:45:40"}
{"level":"info","message":"Created client session ae77d45880aed9a195b889f1","timestamp":"2026-04-07 21:45:40"}
{"level":"info","message":"Created client session 70b3369e7879037f4277ebdd","timestamp":"2026-04-07 21:45:40"}
{"level":"info","message":"Created client session 1ce212c9e21c9cf779196209","timestamp":"2026-04-07 21:45:40"}
{"level":"info","message":"Created client session a83f5a7c3f2dbdd7185b73b4","timestamp":"2026-04-07 21:45:40"}
{"level":"info","message":"Created client session abb4ea69a89c32a63063ac50","timestamp":"2026-04-07 21:45:40"}
{"level":"info","message":"Created client session c776d96f8a5eb7ff43d787ce","timestamp":"2026-04-07 21:45:40"}
{"level":"info","message":"Created client session 02107bfc7f9ac31de140d827","timestamp":"2026-04-07 21:45:40"}
{"level":"info","message":"Created client session 4b891815573c8936e65863d5","timestamp":"2026-04-07 21:45:40"}
{"level":"info","message":"Created client session 985d97303493cc5fdc8b9bf6","timestamp":"2026-04-07 21:45:40"}
{"level":"info","message":"Created client session dde5bb393030872cc79ac3ca","timestamp":"2026-04-07 21:45:40"}
{"level":"info","message":"Created client session 0933c9fa48aebbb68c6d1828","timestamp":"2026-04-07 21:45:40"}
{"level":"info","message":"Created client session 340acacc2e05231119e02152","timestamp":"2026-04-07 21:45:40"}
{"level":"info","message":"Created client session 81b92f6dd04372f709cca1dc","timestamp":"2026-04-07 21:49:03"}
{"level":"info","message":"Created client session b48b57f14e12a644a35036cb","timestamp":"2026-04-07 21:49:28"}
{"level":"info","message":"Created client session bedcfabdac9d52ad4bea5612","timestamp":"2026-04-07 21:49:30"}
{"level":"info","message":"Dungeons & Dragons Fifth Edition update 5.3.0 is now available!","timestamp":"2026-04-07 21:55:01"}
{"level":"info","message":"Vended World data to User [YzL2W1htQr2gHsBA] in 616ms","timestamp":"2026-04-07 21:55:01"}
{"level":"info","message":"Created client session 5af0c08d74fc266213b45737","timestamp":"2026-04-07 22:10:54"}
{"level":"info","message":"Created client session 2f1efbf7cdb71d653b673d1d","timestamp":"2026-04-07 22:52:19"}
{"level":"info","message":"Created client session 6d264591e694b79a57f23f7b","timestamp":"2026-04-07 22:52:30"}
{"level":"info","message":"Created client session 0aa21ec6d30bdcc5adf474ea","timestamp":"2026-04-07 22:55:44"}
{"level":"info","message":"Created client session 578387d9ddb70d77dca7c953","timestamp":"2026-04-07 22:55:51"}
{"level":"info","message":"Created client session b6f9a86d2abade692d477a85","timestamp":"2026-04-07 23:21:23"}
